{"/home/travis/build/npmtest/node-npmtest-js-csp/test.js":{"path":"/home/travis/build/npmtest/node-npmtest-js-csp/test.js","s":{"1":2,"2":2,"3":2,"4":2,"5":2,"6":2,"7":2,"8":1,"9":2,"10":2,"11":1,"12":1,"13":1,"14":1,"15":2,"16":2,"17":2,"18":2,"19":1,"20":1,"21":2,"22":2,"23":2,"24":1,"25":1,"26":1,"27":1,"28":1,"29":1,"30":1,"31":1,"32":1,"33":1,"34":1,"35":1,"36":1,"37":1,"38":1,"39":2,"40":2,"41":1,"42":2,"43":2,"44":1,"45":2,"46":2,"47":1,"48":2,"49":2,"50":1,"51":1,"52":1,"53":1,"54":1},"b":{"1":[2,1,1,1],"2":[1,1,1,1],"3":[1,1],"4":[1,1],"5":[1,1],"6":[1,1],"7":[1,1],"8":[1,1],"9":[1,1],"10":[1,1,1],"11":[1,1],"12":[1,1],"13":[1,1],"14":[1,1],"15":[1,1],"16":[1,1],"17":[1,1]},"f":{"1":2,"2":2,"3":2,"4":2,"5":2,"6":1,"7":1,"8":1,"9":2,"10":2,"11":2,"12":2,"13":1},"fnMap":{"1":{"name":"(anonymous_1)","line":12,"loc":{"start":{"line":12,"column":1},"end":{"line":12,"column":13}}},"2":{"name":"(anonymous_2)","line":19,"loc":{"start":{"line":19,"column":5},"end":{"line":19,"column":17}}},"3":{"name":"(anonymous_3)","line":23,"loc":{"start":{"line":23,"column":24},"end":{"line":23,"column":36}}},"4":{"name":"(anonymous_4)","line":61,"loc":{"start":{"line":61,"column":5},"end":{"line":61,"column":17}}},"5":{"name":"(anonymous_5)","line":82,"loc":{"start":{"line":82,"column":5},"end":{"line":82,"column":17}}},"6":{"name":"(anonymous_6)","line":91,"loc":{"start":{"line":91,"column":77},"end":{"line":94,"column":10}}},"7":{"name":"(anonymous_7)","line":112,"loc":{"start":{"line":112,"column":83},"end":{"line":115,"column":10}},"skip":true},"8":{"name":"(anonymous_8)","line":123,"loc":{"start":{"line":123,"column":77},"end":{"line":126,"column":10}},"skip":true},"9":{"name":"(anonymous_9)","line":139,"loc":{"start":{"line":139,"column":12},"end":{"line":139,"column":40}},"skip":true},"10":{"name":"(anonymous_10)","line":147,"loc":{"start":{"line":147,"column":77},"end":{"line":150,"column":10}},"skip":true},"11":{"name":"(anonymous_11)","line":158,"loc":{"start":{"line":158,"column":83},"end":{"line":161,"column":10}},"skip":true},"12":{"name":"(anonymous_12)","line":169,"loc":{"start":{"line":169,"column":79},"end":{"line":172,"column":10}},"skip":true},"13":{"name":"(anonymous_13)","line":180,"loc":{"start":{"line":180,"column":75},"end":{"line":183,"column":10}},"skip":true}},"statementMap":{"1":{"start":{"line":12,"column":0},"end":{"line":195,"column":5}},"2":{"start":{"line":14,"column":4},"end":{"line":14,"column":14}},"3":{"start":{"line":19,"column":4},"end":{"line":56,"column":9}},"4":{"start":{"line":21,"column":8},"end":{"line":21,"column":19}},"5":{"start":{"line":23,"column":8},"end":{"line":35,"column":13}},"6":{"start":{"line":24,"column":12},"end":{"line":34,"column":13}},"7":{"start":{"line":25,"column":16},"end":{"line":28,"column":30}},"8":{"start":{"line":30,"column":16},"end":{"line":33,"column":27}},"9":{"start":{"line":37,"column":8},"end":{"line":39,"column":21}},"10":{"start":{"line":40,"column":8},"end":{"line":53,"column":9}},"11":{"start":{"line":43,"column":12},"end":{"line":46,"column":14}},"12":{"start":{"line":47,"column":12},"end":{"line":47,"column":18}},"13":{"start":{"line":50,"column":12},"end":{"line":51,"column":33}},"14":{"start":{"line":52,"column":12},"end":{"line":52,"column":18}},"15":{"start":{"line":55,"column":8},"end":{"line":55,"column":35}},"16":{"start":{"line":61,"column":4},"end":{"line":63,"column":9}},"17":{"start":{"line":62,"column":8},"end":{"line":62,"column":15}},"18":{"start":{"line":64,"column":4},"end":{"line":77,"column":5}},"19":{"start":{"line":70,"column":8},"end":{"line":70,"column":14}},"20":{"start":{"line":76,"column":8},"end":{"line":76,"column":14}},"21":{"start":{"line":82,"column":4},"end":{"line":84,"column":9}},"22":{"start":{"line":83,"column":8},"end":{"line":83,"column":15}},"23":{"start":{"line":85,"column":4},"end":{"line":194,"column":5}},"24":{"start":{"line":91,"column":8},"end":{"line":99,"column":10}},"25":{"start":{"line":98,"column":12},"end":{"line":98,"column":35}},"26":{"start":{"line":102,"column":8},"end":{"line":104,"column":63}},"27":{"start":{"line":105,"column":8},"end":{"line":105,"column":14}},"28":{"start":{"line":112,"column":8},"end":{"line":121,"column":10},"skip":true},"29":{"start":{"line":119,"column":12},"end":{"line":119,"column":55},"skip":true},"30":{"start":{"line":120,"column":12},"end":{"line":120,"column":48},"skip":true},"31":{"start":{"line":123,"column":8},"end":{"line":136,"column":10},"skip":true},"32":{"start":{"line":130,"column":12},"end":{"line":130,"column":76},"skip":true},"33":{"start":{"line":131,"column":12},"end":{"line":131,"column":73},"skip":true},"34":{"start":{"line":132,"column":12},"end":{"line":132,"column":74},"skip":true},"35":{"start":{"line":133,"column":12},"end":{"line":133,"column":79},"skip":true},"36":{"start":{"line":134,"column":12},"end":{"line":134,"column":25},"skip":true},"37":{"start":{"line":135,"column":12},"end":{"line":135,"column":45},"skip":true},"38":{"start":{"line":138,"column":8},"end":{"line":145,"column":14},"skip":true},"39":{"start":{"line":143,"column":16},"end":{"line":143,"column":29},"skip":true},"40":{"start":{"line":144,"column":16},"end":{"line":144,"column":55},"skip":true},"41":{"start":{"line":147,"column":8},"end":{"line":156,"column":10},"skip":true},"42":{"start":{"line":154,"column":12},"end":{"line":154,"column":25},"skip":true},"43":{"start":{"line":155,"column":12},"end":{"line":155,"column":45},"skip":true},"44":{"start":{"line":158,"column":8},"end":{"line":167,"column":10},"skip":true},"45":{"start":{"line":165,"column":12},"end":{"line":165,"column":25},"skip":true},"46":{"start":{"line":166,"column":12},"end":{"line":166,"column":48},"skip":true},"47":{"start":{"line":169,"column":8},"end":{"line":178,"column":10},"skip":true},"48":{"start":{"line":176,"column":12},"end":{"line":176,"column":25},"skip":true},"49":{"start":{"line":177,"column":12},"end":{"line":177,"column":46},"skip":true},"50":{"start":{"line":180,"column":8},"end":{"line":189,"column":10},"skip":true},"51":{"start":{"line":187,"column":12},"end":{"line":187,"column":94},"skip":true},"52":{"start":{"line":188,"column":12},"end":{"line":188,"column":48},"skip":true},"53":{"start":{"line":192,"column":8},"end":{"line":192,"column":35},"skip":true},"54":{"start":{"line":193,"column":8},"end":{"line":193,"column":14},"skip":true}},"branchMap":{"1":{"line":25,"type":"binary-expr","locations":[{"start":{"line":25,"column":23},"end":{"line":25,"column":62}},{"start":{"line":26,"column":20},"end":{"line":26,"column":70}},{"start":{"line":27,"column":20},"end":{"line":27,"column":71}},{"start":{"line":28,"column":20},"end":{"line":28,"column":29}}]},"2":{"line":30,"type":"binary-expr","locations":[{"start":{"line":30,"column":23},"end":{"line":30,"column":37}},{"start":{"line":31,"column":20},"end":{"line":31,"column":61}},{"start":{"line":32,"column":20},"end":{"line":32,"column":70}},{"start":{"line":33,"column":20},"end":{"line":33,"column":26}}]},"3":{"line":37,"type":"cond-expr","locations":[{"start":{"line":38,"column":14},"end":{"line":38,"column":20}},{"start":{"line":39,"column":14},"end":{"line":39,"column":20}}]},"4":{"line":40,"type":"switch","locations":[{"start":{"line":42,"column":8},"end":{"line":47,"column":18}},{"start":{"line":49,"column":8},"end":{"line":52,"column":18}}]},"5":{"line":44,"type":"binary-expr","locations":[{"start":{"line":44,"column":16},"end":{"line":44,"column":44}},{"start":{"line":44,"column":48},"end":{"line":44,"column":66}}]},"6":{"line":50,"type":"binary-expr","locations":[{"start":{"line":50,"column":21},"end":{"line":50,"column":49}},{"start":{"line":50,"column":53},"end":{"line":50,"column":72}}]},"7":{"line":64,"type":"switch","locations":[{"start":{"line":69,"column":4},"end":{"line":70,"column":14}},{"start":{"line":75,"column":4},"end":{"line":76,"column":14}}]},"8":{"line":85,"type":"switch","locations":[{"start":{"line":90,"column":4},"end":{"line":105,"column":14}},{"start":{"line":111,"column":4},"end":{"line":193,"column":14},"skip":true}]},"9":{"line":91,"type":"binary-expr","locations":[{"start":{"line":91,"column":42},"end":{"line":91,"column":73}},{"start":{"line":91,"column":77},"end":{"line":99,"column":9}}]},"10":{"line":102,"type":"binary-expr","locations":[{"start":{"line":102,"column":18},"end":{"line":102,"column":32}},{"start":{"line":103,"column":12},"end":{"line":103,"column":53}},{"start":{"line":104,"column":12},"end":{"line":104,"column":61}}]},"11":{"line":112,"type":"binary-expr","locations":[{"start":{"line":112,"column":45},"end":{"line":112,"column":79},"skip":true},{"start":{"line":112,"column":83},"end":{"line":121,"column":9},"skip":true}]},"12":{"line":123,"type":"binary-expr","locations":[{"start":{"line":123,"column":42},"end":{"line":123,"column":73},"skip":true},{"start":{"line":123,"column":77},"end":{"line":136,"column":9},"skip":true}]},"13":{"line":138,"type":"binary-expr","locations":[{"start":{"line":138,"column":48},"end":{"line":138,"column":85},"skip":true},{"start":{"line":139,"column":12},"end":{"line":145,"column":13},"skip":true}]},"14":{"line":147,"type":"binary-expr","locations":[{"start":{"line":147,"column":42},"end":{"line":147,"column":73},"skip":true},{"start":{"line":147,"column":77},"end":{"line":156,"column":9},"skip":true}]},"15":{"line":158,"type":"binary-expr","locations":[{"start":{"line":158,"column":45},"end":{"line":158,"column":79},"skip":true},{"start":{"line":158,"column":83},"end":{"line":167,"column":9},"skip":true}]},"16":{"line":169,"type":"binary-expr","locations":[{"start":{"line":169,"column":43},"end":{"line":169,"column":75},"skip":true},{"start":{"line":169,"column":79},"end":{"line":178,"column":9},"skip":true}]},"17":{"line":180,"type":"binary-expr","locations":[{"start":{"line":180,"column":41},"end":{"line":180,"column":71},"skip":true},{"start":{"line":180,"column":75},"end":{"line":189,"column":9},"skip":true}]}},"code":["/* istanbul instrument in package npmtest_js_csp */","/*jslint","    bitwise: true,","    browser: true,","    maxerr: 8,","    maxlen: 96,","    node: true,","    nomen: true,","    regexp: true,","    stupid: true","*/","(function () {","    'use strict';","    var local;","","","","    // run shared js-env code - pre-init","    (function () {","        // init local","        local = {};","        // init modeJs","        local.modeJs = (function () {","            try {","                return typeof navigator.userAgent === 'string' &&","                    typeof document.querySelector('body') === 'object' &&","                    typeof XMLHttpRequest.prototype.open === 'function' &&","                    'browser';","            } catch (errorCaughtBrowser) {","                return module.exports &&","                    typeof process.versions.node === 'string' &&","                    typeof require('http').createServer === 'function' &&","                    'node';","            }","        }());","        // init global","        local.global = local.modeJs === 'browser'","            ? window","            : global;","        switch (local.modeJs) {","        // re-init local from window.local","        case 'browser':","            local = local.global.utility2.objectSetDefault(","                local.global.utility2_rollup || local.global.local,","                local.global.utility2","            );","            break;","        // re-init local from example.js","        case 'node':","            local = (local.global.utility2_rollup || require('utility2'))","                .requireReadme();","            break;","        }","        // export local","        local.global.local = local;","    }());","","","","    // run shared js-env code - function","    (function () {","        return;","    }());","    switch (local.modeJs) {","","","","    // run browser js-env code - function","    case 'browser':","        break;","","","","    // run node js-env code - function","    case 'node':","        break;","    }","","","","    // run shared js-env code - post-init","    (function () {","        return;","    }());","    switch (local.modeJs) {","","","","    // run browser js-env code - post-init","    case 'browser':","        local.testCase_browser_nullCase = local.testCase_browser_nullCase || function (","            options,","            onError","        ) {","        /*","         * this function will test browsers's null-case handling-behavior-behavior","         */","            onError(null, options);","        };","","        // run tests","        local.nop(local.modeTest &&","            document.querySelector('#testRunButton1') &&","            document.querySelector('#testRunButton1').click());","        break;","","","","    // run node js-env code - post-init","    /* istanbul ignore next */","    case 'node':","        local.testCase_buildApidoc_default = local.testCase_buildApidoc_default || function (","            options,","            onError","        ) {","        /*","         * this function will test buildApidoc's default handling-behavior-behavior","         */","            options = { modulePathList: module.paths };","            local.buildApidoc(options, onError);","        };","","        local.testCase_buildApp_default = local.testCase_buildApp_default || function (","            options,","            onError","        ) {","        /*","         * this function will test buildApp's default handling-behavior-behavior","         */","            local.testCase_buildReadme_default(options, local.onErrorThrow);","            local.testCase_buildLib_default(options, local.onErrorThrow);","            local.testCase_buildTest_default(options, local.onErrorThrow);","            local.testCase_buildCustomOrg_default(options, local.onErrorThrow);","            options = [];","            local.buildApp(options, onError);","        };","","        local.testCase_buildCustomOrg_default = local.testCase_buildCustomOrg_default ||","            function (options, onError) {","            /*","             * this function will test buildCustomOrg's default handling-behavior","             */","                options = {};","                local.buildCustomOrg(options, onError);","            };","","        local.testCase_buildLib_default = local.testCase_buildLib_default || function (","            options,","            onError","        ) {","        /*","         * this function will test buildLib's default handling-behavior","         */","            options = {};","            local.buildLib(options, onError);","        };","","        local.testCase_buildReadme_default = local.testCase_buildReadme_default || function (","            options,","            onError","        ) {","        /*","         * this function will test buildReadme's default handling-behavior-behavior","         */","            options = {};","            local.buildReadme(options, onError);","        };","","        local.testCase_buildTest_default = local.testCase_buildTest_default || function (","            options,","            onError","        ) {","        /*","         * this function will test buildTest's default handling-behavior","         */","            options = {};","            local.buildTest(options, onError);","        };","","        local.testCase_webpage_default = local.testCase_webpage_default || function (","            options,","            onError","        ) {","        /*","         * this function will test webpage's default handling-behavior","         */","            options = { modeCoverageMerge: true, url: local.serverLocalHost + '?modeTest=1' };","            local.browserTest(options, onError);","        };","","        // run test-server","        local.testRunServer(local);","        break;","    }","}());",""],"l":{"12":2,"14":2,"19":2,"21":2,"23":2,"24":2,"25":2,"30":1,"37":2,"40":2,"43":1,"47":1,"50":1,"52":1,"55":2,"61":2,"62":2,"64":2,"70":1,"76":1,"82":2,"83":2,"85":2,"91":1,"98":1,"102":1,"105":1,"112":1,"119":1,"120":1,"123":1,"130":1,"131":1,"132":1,"133":1,"134":1,"135":1,"138":1,"143":2,"144":2,"147":1,"154":2,"155":2,"158":1,"165":2,"166":2,"169":1,"176":2,"177":2,"180":1,"187":1,"188":1,"192":1,"193":1}},"/home/travis/build/npmtest/node-npmtest-js-csp/lib.npmtest_js_csp.js":{"path":"/home/travis/build/npmtest/node-npmtest-js-csp/lib.npmtest_js_csp.js","s":{"1":2,"2":2,"3":2,"4":2,"5":2,"6":2,"7":2,"8":1,"9":2,"10":2,"11":2,"12":2,"13":1,"14":1,"15":1,"16":1},"b":{"1":[2,1,1,1],"2":[1,1,1,1],"3":[1,1],"4":[2,2],"5":[1,1]},"f":{"1":2,"2":2,"3":2},"fnMap":{"1":{"name":"(anonymous_1)","line":12,"loc":{"start":{"line":12,"column":1},"end":{"line":12,"column":13}}},"2":{"name":"(anonymous_2)","line":19,"loc":{"start":{"line":19,"column":5},"end":{"line":19,"column":17}}},"3":{"name":"(anonymous_3)","line":23,"loc":{"start":{"line":23,"column":24},"end":{"line":23,"column":36}}}},"statementMap":{"1":{"start":{"line":12,"column":0},"end":{"line":53,"column":5}},"2":{"start":{"line":14,"column":4},"end":{"line":14,"column":14}},"3":{"start":{"line":19,"column":4},"end":{"line":52,"column":9}},"4":{"start":{"line":21,"column":8},"end":{"line":21,"column":19}},"5":{"start":{"line":23,"column":8},"end":{"line":35,"column":13}},"6":{"start":{"line":24,"column":12},"end":{"line":34,"column":13}},"7":{"start":{"line":25,"column":16},"end":{"line":28,"column":30}},"8":{"start":{"line":30,"column":16},"end":{"line":33,"column":27}},"9":{"start":{"line":37,"column":8},"end":{"line":39,"column":21}},"10":{"start":{"line":41,"column":8},"end":{"line":41,"column":54}},"11":{"start":{"line":43,"column":8},"end":{"line":43,"column":51}},"12":{"start":{"line":45,"column":8},"end":{"line":51,"column":9}},"13":{"start":{"line":46,"column":12},"end":{"line":46,"column":57}},"14":{"start":{"line":48,"column":12},"end":{"line":48,"column":35}},"15":{"start":{"line":49,"column":12},"end":{"line":49,"column":49}},"16":{"start":{"line":50,"column":12},"end":{"line":50,"column":43}}},"branchMap":{"1":{"line":25,"type":"binary-expr","locations":[{"start":{"line":25,"column":23},"end":{"line":25,"column":62}},{"start":{"line":26,"column":20},"end":{"line":26,"column":70}},{"start":{"line":27,"column":20},"end":{"line":27,"column":71}},{"start":{"line":28,"column":20},"end":{"line":28,"column":29}}]},"2":{"line":30,"type":"binary-expr","locations":[{"start":{"line":30,"column":23},"end":{"line":30,"column":37}},{"start":{"line":31,"column":20},"end":{"line":31,"column":61}},{"start":{"line":32,"column":20},"end":{"line":32,"column":70}},{"start":{"line":33,"column":20},"end":{"line":33,"column":26}}]},"3":{"line":37,"type":"cond-expr","locations":[{"start":{"line":38,"column":14},"end":{"line":38,"column":20}},{"start":{"line":39,"column":14},"end":{"line":39,"column":20}}]},"4":{"line":41,"type":"binary-expr","locations":[{"start":{"line":41,"column":16},"end":{"line":41,"column":44}},{"start":{"line":41,"column":48},"end":{"line":41,"column":53}}]},"5":{"line":45,"type":"if","locations":[{"start":{"line":45,"column":8},"end":{"line":45,"column":8}},{"start":{"line":45,"column":8},"end":{"line":45,"column":8}}]}},"code":["/* istanbul instrument in package npmtest_js_csp */","/*jslint","    bitwise: true,","    browser: true,","    maxerr: 8,","    maxlen: 96,","    node: true,","    nomen: true,","    regexp: true,","    stupid: true","*/","(function () {","    'use strict';","    var local;","","","","    // run shared js-env code - pre-init","    (function () {","        // init local","        local = {};","        // init modeJs","        local.modeJs = (function () {","            try {","                return typeof navigator.userAgent === 'string' &&","                    typeof document.querySelector('body') === 'object' &&","                    typeof XMLHttpRequest.prototype.open === 'function' &&","                    'browser';","            } catch (errorCaughtBrowser) {","                return module.exports &&","                    typeof process.versions.node === 'string' &&","                    typeof require('http').createServer === 'function' &&","                    'node';","            }","        }());","        // init global","        local.global = local.modeJs === 'browser'","            ? window","            : global;","        // init utility2_rollup","        local = local.global.utility2_rollup || local;","        // init lib","        local.local = local.npmtest_js_csp = local;","        // init exports","        if (local.modeJs === 'browser') {","            local.global.utility2_npmtest_js_csp = local;","        } else {","            module.exports = local;","            module.exports.__dirname = __dirname;","            module.exports.module = module;","        }","    }());","}());",""],"l":{"12":2,"14":2,"19":2,"21":2,"23":2,"24":2,"25":2,"30":1,"37":2,"41":2,"43":2,"45":2,"46":1,"48":1,"49":1,"50":1}},"/home/travis/build/npmtest/node-npmtest-js-csp/example.js":{"path":"/home/travis/build/npmtest/node-npmtest-js-csp/example.js","s":{"1":2,"2":2,"3":2,"4":2,"5":2,"6":2,"7":2,"8":1,"9":2,"10":2,"11":2,"12":2,"13":1,"14":2,"15":2,"16":2,"17":2,"18":2,"19":0,"20":2,"21":1,"22":1,"23":1,"24":1,"25":1,"26":0,"27":0,"28":1,"29":1,"30":2,"31":0,"32":0,"33":0,"34":1,"35":2,"36":2,"37":3,"38":3,"39":3,"40":3,"41":0,"42":3,"43":3,"44":3,"45":1,"46":3,"47":1,"48":1,"49":1,"50":1,"51":1,"52":1,"53":1,"54":1,"55":1,"56":1,"57":0,"58":1,"59":6,"60":6,"61":1,"62":2,"63":0,"64":2,"65":1,"66":1,"67":0,"68":0,"69":0,"70":0,"71":0,"72":0,"73":0,"74":0,"75":0,"76":0,"77":0,"78":0,"79":0,"80":0,"81":0,"82":0,"83":0},"b":{"1":[2,1,1,1],"2":[1,1,1,1],"3":[1,1],"4":[2,2],"5":[1,1],"6":[1,1],"7":[2,0],"8":[2,1,1,1,1,1],"9":[0,2,0],"10":[1,1],"11":[2,1,1],"12":[1,0],"13":[0,2],"14":[2,0,0,0,0,0,0],"15":[0,3],"16":[3,0],"17":[1,1],"18":[0,1],"19":[1,2,0,2],"20":[1,0],"21":[1,1],"22":[0,0],"23":[0,0],"24":[0,0],"25":[0,0],"26":[0,0],"27":[0,0],"28":[0,0]},"f":{"1":2,"2":2,"3":2,"4":2,"5":2,"6":2,"7":3,"8":3,"9":3,"10":1,"11":6,"12":0},"fnMap":{"1":{"name":"(anonymous_1)","line":26,"loc":{"start":{"line":26,"column":1},"end":{"line":26,"column":13}}},"2":{"name":"(anonymous_2)","line":33,"loc":{"start":{"line":33,"column":5},"end":{"line":33,"column":17}}},"3":{"name":"(anonymous_3)","line":37,"loc":{"start":{"line":37,"column":24},"end":{"line":37,"column":36}}},"4":{"name":"(anonymous_4)","line":69,"loc":{"start":{"line":69,"column":31},"end":{"line":69,"column":48}},"skip":true},"5":{"name":"(anonymous_5)","line":78,"loc":{"start":{"line":78,"column":26},"end":{"line":78,"column":45}},"skip":true},"6":{"name":"(anonymous_6)","line":123,"loc":{"start":{"line":123,"column":33},"end":{"line":123,"column":48}},"skip":true},"7":{"name":"(anonymous_7)","line":125,"loc":{"start":{"line":125,"column":27},"end":{"line":125,"column":39}},"skip":true},"8":{"name":"(anonymous_8)","line":133,"loc":{"start":{"line":133,"column":59},"end":{"line":133,"column":74}},"skip":true},"9":{"name":"(anonymous_9)","line":143,"loc":{"start":{"line":143,"column":45},"end":{"line":143,"column":62}},"skip":true},"10":{"name":"(anonymous_10)","line":144,"loc":{"start":{"line":144,"column":73},"end":{"line":144,"column":92}},"skip":true},"11":{"name":"(anonymous_11)","line":272,"loc":{"start":{"line":272,"column":51},"end":{"line":272,"column":77}},"skip":true},"12":{"name":"(anonymous_12)","line":315,"loc":{"start":{"line":315,"column":32},"end":{"line":315,"column":61}},"skip":true}},"statementMap":{"1":{"start":{"line":26,"column":0},"end":{"line":326,"column":5}},"2":{"start":{"line":28,"column":4},"end":{"line":28,"column":14}},"3":{"start":{"line":33,"column":4},"end":{"line":60,"column":9}},"4":{"start":{"line":35,"column":8},"end":{"line":35,"column":19}},"5":{"start":{"line":37,"column":8},"end":{"line":49,"column":13}},"6":{"start":{"line":38,"column":12},"end":{"line":48,"column":13}},"7":{"start":{"line":39,"column":16},"end":{"line":42,"column":30}},"8":{"start":{"line":44,"column":16},"end":{"line":47,"column":27}},"9":{"start":{"line":51,"column":8},"end":{"line":53,"column":21}},"10":{"start":{"line":55,"column":8},"end":{"line":57,"column":45}},"11":{"start":{"line":59,"column":8},"end":{"line":59,"column":35}},"12":{"start":{"line":61,"column":4},"end":{"line":325,"column":5}},"13":{"start":{"line":69,"column":8},"end":{"line":121,"column":10},"skip":true},"14":{"start":{"line":70,"column":12},"end":{"line":88,"column":13},"skip":true},"15":{"start":{"line":76,"column":16},"end":{"line":87,"column":19},"skip":true},"16":{"start":{"line":79,"column":20},"end":{"line":86,"column":21},"skip":true},"17":{"start":{"line":82,"column":24},"end":{"line":82,"column":43},"skip":true},"18":{"start":{"line":83,"column":24},"end":{"line":83,"column":30},"skip":true},"19":{"start":{"line":85,"column":24},"end":{"line":85,"column":49},"skip":true},"20":{"start":{"line":89,"column":12},"end":{"line":107,"column":13},"skip":true},"21":{"start":{"line":92,"column":16},"end":{"line":102,"column":17},"skip":true},"22":{"start":{"line":93,"column":20},"end":{"line":93,"column":86},"skip":true},"23":{"start":{"line":94,"column":20},"end":{"line":95,"column":45},"skip":true},"24":{"start":{"line":96,"column":20},"end":{"line":96,"column":42},"skip":true},"25":{"start":{"line":97,"column":20},"end":{"line":97,"column":48},"skip":true},"26":{"start":{"line":100,"column":20},"end":{"line":100,"column":85},"skip":true},"27":{"start":{"line":101,"column":20},"end":{"line":101,"column":96},"skip":true},"28":{"start":{"line":103,"column":16},"end":{"line":103,"column":22},"skip":true},"29":{"start":{"line":106,"column":16},"end":{"line":106,"column":22},"skip":true},"30":{"start":{"line":108,"column":12},"end":{"line":120,"column":13},"skip":true},"31":{"start":{"line":114,"column":16},"end":{"line":119,"column":17},"skip":true},"32":{"start":{"line":116,"column":20},"end":{"line":116,"column":78},"skip":true},"33":{"start":{"line":118,"column":20},"end":{"line":118,"column":47},"skip":true},"34":{"start":{"line":123,"column":8},"end":{"line":141,"column":11},"skip":true},"35":{"start":{"line":124,"column":12},"end":{"line":124,"column":54},"skip":true},"36":{"start":{"line":125,"column":12},"end":{"line":140,"column":14},"skip":true},"37":{"start":{"line":126,"column":16},"end":{"line":126,"column":28},"skip":true},"38":{"start":{"line":127,"column":16},"end":{"line":127,"column":69},"skip":true},"39":{"start":{"line":128,"column":16},"end":{"line":128,"column":75},"skip":true},"40":{"start":{"line":129,"column":16},"end":{"line":131,"column":17},"skip":true},"41":{"start":{"line":130,"column":20},"end":{"line":130,"column":27},"skip":true},"42":{"start":{"line":133,"column":16},"end":{"line":137,"column":36},"skip":true},"43":{"start":{"line":134,"column":20},"end":{"line":136,"column":55},"skip":true},"44":{"start":{"line":139,"column":16},"end":{"line":139,"column":57},"skip":true},"45":{"start":{"line":143,"column":8},"end":{"line":147,"column":11},"skip":true},"46":{"start":{"line":144,"column":12},"end":{"line":146,"column":15},"skip":true},"47":{"start":{"line":145,"column":16},"end":{"line":145,"column":70},"skip":true},"48":{"start":{"line":149,"column":8},"end":{"line":149,"column":31},"skip":true},"49":{"start":{"line":150,"column":8},"end":{"line":150,"column":14},"skip":true},"50":{"start":{"line":158,"column":8},"end":{"line":158,"column":31},"skip":true},"51":{"start":{"line":160,"column":8},"end":{"line":160,"column":33},"skip":true},"52":{"start":{"line":161,"column":8},"end":{"line":161,"column":37},"skip":true},"53":{"start":{"line":162,"column":8},"end":{"line":162,"column":35},"skip":true},"54":{"start":{"line":164,"column":8},"end":{"line":164,"column":50},"skip":true},"55":{"start":{"line":166,"column":8},"end":{"line":256,"column":2},"skip":true},"56":{"start":{"line":258,"column":8},"end":{"line":286,"column":9},"skip":true},"57":{"start":{"line":259,"column":12},"end":{"line":269,"column":14},"skip":true},"58":{"start":{"line":271,"column":12},"end":{"line":285,"column":19},"skip":true},"59":{"start":{"line":274,"column":20},"end":{"line":274,"column":35},"skip":true},"60":{"start":{"line":275,"column":20},"end":{"line":284,"column":21},"skip":true},"61":{"start":{"line":277,"column":24},"end":{"line":277,"column":64},"skip":true},"62":{"start":{"line":279,"column":24},"end":{"line":279,"column":40},"skip":true},"63":{"start":{"line":281,"column":24},"end":{"line":281,"column":40},"skip":true},"64":{"start":{"line":283,"column":24},"end":{"line":283,"column":39},"skip":true},"65":{"start":{"line":288,"column":8},"end":{"line":290,"column":9},"skip":true},"66":{"start":{"line":289,"column":12},"end":{"line":289,"column":18},"skip":true},"67":{"start":{"line":291,"column":8},"end":{"line":293,"column":54},"skip":true},"68":{"start":{"line":296,"column":8},"end":{"line":301,"column":37},"skip":true},"69":{"start":{"line":303,"column":8},"end":{"line":303,"column":82},"skip":true},"70":{"start":{"line":306,"column":8},"end":{"line":308,"column":9},"skip":true},"71":{"start":{"line":307,"column":12},"end":{"line":307,"column":82},"skip":true},"72":{"start":{"line":310,"column":8},"end":{"line":312,"column":9},"skip":true},"73":{"start":{"line":311,"column":12},"end":{"line":311,"column":18},"skip":true},"74":{"start":{"line":313,"column":8},"end":{"line":313,"column":54},"skip":true},"75":{"start":{"line":314,"column":8},"end":{"line":314,"column":69},"skip":true},"76":{"start":{"line":315,"column":8},"end":{"line":323,"column":36},"skip":true},"77":{"start":{"line":316,"column":12},"end":{"line":316,"column":61},"skip":true},"78":{"start":{"line":317,"column":12},"end":{"line":320,"column":13},"skip":true},"79":{"start":{"line":318,"column":16},"end":{"line":318,"column":75},"skip":true},"80":{"start":{"line":319,"column":16},"end":{"line":319,"column":23},"skip":true},"81":{"start":{"line":321,"column":12},"end":{"line":321,"column":38},"skip":true},"82":{"start":{"line":322,"column":12},"end":{"line":322,"column":27},"skip":true},"83":{"start":{"line":324,"column":8},"end":{"line":324,"column":14},"skip":true}},"branchMap":{"1":{"line":39,"type":"binary-expr","locations":[{"start":{"line":39,"column":23},"end":{"line":39,"column":62}},{"start":{"line":40,"column":20},"end":{"line":40,"column":70}},{"start":{"line":41,"column":20},"end":{"line":41,"column":71}},{"start":{"line":42,"column":20},"end":{"line":42,"column":29}}]},"2":{"line":44,"type":"binary-expr","locations":[{"start":{"line":44,"column":23},"end":{"line":44,"column":37}},{"start":{"line":45,"column":20},"end":{"line":45,"column":61}},{"start":{"line":46,"column":20},"end":{"line":46,"column":70}},{"start":{"line":47,"column":20},"end":{"line":47,"column":26}}]},"3":{"line":51,"type":"cond-expr","locations":[{"start":{"line":52,"column":14},"end":{"line":52,"column":20}},{"start":{"line":53,"column":14},"end":{"line":53,"column":20}}]},"4":{"line":55,"type":"binary-expr","locations":[{"start":{"line":55,"column":16},"end":{"line":55,"column":44}},{"start":{"line":55,"column":49},"end":{"line":57,"column":43}}]},"5":{"line":55,"type":"cond-expr","locations":[{"start":{"line":56,"column":14},"end":{"line":56,"column":50}},{"start":{"line":57,"column":14},"end":{"line":57,"column":43}}]},"6":{"line":61,"type":"switch","locations":[{"start":{"line":68,"column":4},"end":{"line":150,"column":14},"skip":true},{"start":{"line":156,"column":4},"end":{"line":324,"column":14},"skip":true}]},"7":{"line":70,"type":"if","locations":[{"start":{"line":70,"column":12},"end":{"line":70,"column":12},"skip":true},{"start":{"line":70,"column":12},"end":{"line":70,"column":12},"skip":true}]},"8":{"line":70,"type":"binary-expr","locations":[{"start":{"line":70,"column":16},"end":{"line":70,"column":22},"skip":true},{"start":{"line":70,"column":27},"end":{"line":70,"column":32},"skip":true},{"start":{"line":71,"column":20},"end":{"line":71,"column":39},"skip":true},{"start":{"line":72,"column":20},"end":{"line":72,"column":49},"skip":true},{"start":{"line":73,"column":20},"end":{"line":73,"column":58},"skip":true},{"start":{"line":74,"column":20},"end":{"line":74,"column":69},"skip":true}]},"9":{"line":79,"type":"switch","locations":[{"start":{"line":80,"column":20},"end":{"line":80,"column":33},"skip":true},{"start":{"line":81,"column":20},"end":{"line":83,"column":30},"skip":true},{"start":{"line":84,"column":20},"end":{"line":85,"column":49},"skip":true}]},"10":{"line":89,"type":"switch","locations":[{"start":{"line":90,"column":12},"end":{"line":103,"column":22},"skip":true},{"start":{"line":105,"column":12},"end":{"line":106,"column":22},"skip":true}]},"11":{"line":89,"type":"binary-expr","locations":[{"start":{"line":89,"column":20},"end":{"line":89,"column":25},"skip":true},{"start":{"line":89,"column":29},"end":{"line":89,"column":48},"skip":true},{"start":{"line":89,"column":52},"end":{"line":89,"column":74},"skip":true}]},"12":{"line":92,"type":"if","locations":[{"start":{"line":92,"column":16},"end":{"line":92,"column":16},"skip":true},{"start":{"line":92,"column":16},"end":{"line":92,"column":16},"skip":true}]},"13":{"line":108,"type":"if","locations":[{"start":{"line":108,"column":12},"end":{"line":108,"column":12},"skip":true},{"start":{"line":108,"column":12},"end":{"line":108,"column":12},"skip":true}]},"14":{"line":108,"type":"binary-expr","locations":[{"start":{"line":108,"column":16},"end":{"line":108,"column":61},"skip":true},{"start":{"line":108,"column":66},"end":{"line":108,"column":72},"skip":true},{"start":{"line":108,"column":77},"end":{"line":108,"column":82},"skip":true},{"start":{"line":109,"column":20},"end":{"line":109,"column":39},"skip":true},{"start":{"line":110,"column":20},"end":{"line":110,"column":49},"skip":true},{"start":{"line":111,"column":20},"end":{"line":111,"column":58},"skip":true},{"start":{"line":112,"column":20},"end":{"line":112,"column":68},"skip":true}]},"15":{"line":129,"type":"if","locations":[{"start":{"line":129,"column":16},"end":{"line":129,"column":16},"skip":true},{"start":{"line":129,"column":16},"end":{"line":129,"column":16},"skip":true}]},"16":{"line":134,"type":"cond-expr","locations":[{"start":{"line":135,"column":26},"end":{"line":135,"column":29},"skip":true},{"start":{"line":136,"column":26},"end":{"line":136,"column":54},"skip":true}]},"17":{"line":164,"type":"binary-expr","locations":[{"start":{"line":164,"column":27},"end":{"line":164,"column":43},"skip":true},{"start":{"line":164,"column":47},"end":{"line":164,"column":49},"skip":true}]},"18":{"line":258,"type":"if","locations":[{"start":{"line":258,"column":8},"end":{"line":258,"column":8},"skip":true},{"start":{"line":258,"column":8},"end":{"line":258,"column":8},"skip":true}]},"19":{"line":275,"type":"switch","locations":[{"start":{"line":276,"column":20},"end":{"line":277,"column":64},"skip":true},{"start":{"line":278,"column":20},"end":{"line":279,"column":40},"skip":true},{"start":{"line":280,"column":20},"end":{"line":281,"column":40},"skip":true},{"start":{"line":282,"column":20},"end":{"line":283,"column":39},"skip":true}]},"20":{"line":288,"type":"if","locations":[{"start":{"line":288,"column":8},"end":{"line":288,"column":8},"skip":true},{"start":{"line":288,"column":8},"end":{"line":288,"column":8},"skip":true}]},"21":{"line":288,"type":"binary-expr","locations":[{"start":{"line":288,"column":12},"end":{"line":288,"column":40},"skip":true},{"start":{"line":288,"column":44},"end":{"line":288,"column":67},"skip":true}]},"22":{"line":292,"type":"binary-expr","locations":[{"start":{"line":292,"column":12},"end":{"line":292,"column":50},"skip":true},{"start":{"line":293,"column":12},"end":{"line":293,"column":53},"skip":true}]},"23":{"line":297,"type":"binary-expr","locations":[{"start":{"line":297,"column":12},"end":{"line":297,"column":64},"skip":true},{"start":{"line":298,"column":12},"end":{"line":301,"column":36},"skip":true}]},"24":{"line":303,"type":"binary-expr","locations":[{"start":{"line":303,"column":43},"end":{"line":303,"column":75},"skip":true},{"start":{"line":303,"column":79},"end":{"line":303,"column":81},"skip":true}]},"25":{"line":306,"type":"if","locations":[{"start":{"line":306,"column":8},"end":{"line":306,"column":8},"skip":true},{"start":{"line":306,"column":8},"end":{"line":306,"column":8},"skip":true}]},"26":{"line":310,"type":"if","locations":[{"start":{"line":310,"column":8},"end":{"line":310,"column":8},"skip":true},{"start":{"line":310,"column":8},"end":{"line":310,"column":8},"skip":true}]},"27":{"line":313,"type":"binary-expr","locations":[{"start":{"line":313,"column":27},"end":{"line":313,"column":43},"skip":true},{"start":{"line":313,"column":47},"end":{"line":313,"column":53},"skip":true}]},"28":{"line":317,"type":"if","locations":[{"start":{"line":317,"column":12},"end":{"line":317,"column":12},"skip":true},{"start":{"line":317,"column":12},"end":{"line":317,"column":12},"skip":true}]}},"code":["/*","example.js","","quickstart example","","instruction","    1. save this script as example.js","    2. run the shell command:","        $ npm install npmtest-js-csp && PORT=8081 node example.js","    3. play with the browser-demo on http://127.0.0.1:8081","*/","","","","/* istanbul instrument in package npmtest_js_csp */","/*jslint","    bitwise: true,","    browser: true,","    maxerr: 8,","    maxlen: 96,","    node: true,","    nomen: true,","    regexp: true,","    stupid: true","*/","(function () {","    'use strict';","    var local;","","","","    // run shared js-env code - pre-init","    (function () {","        // init local","        local = {};","        // init modeJs","        local.modeJs = (function () {","            try {","                return typeof navigator.userAgent === 'string' &&","                    typeof document.querySelector('body') === 'object' &&","                    typeof XMLHttpRequest.prototype.open === 'function' &&","                    'browser';","            } catch (errorCaughtBrowser) {","                return module.exports &&","                    typeof process.versions.node === 'string' &&","                    typeof require('http').createServer === 'function' &&","                    'node';","            }","        }());","        // init global","        local.global = local.modeJs === 'browser'","            ? window","            : global;","        // init utility2_rollup","        local = local.global.utility2_rollup || (local.modeJs === 'browser'","            ? local.global.utility2_npmtest_js_csp","            : global.utility2_moduleExports);","        // export local","        local.global.local = local;","    }());","    switch (local.modeJs) {","","","","    // post-init","    // run browser js-env code - post-init","    /* istanbul ignore next */","    case 'browser':","        local.testRunBrowser = function (event) {","            if (!event || (event &&","                    event.currentTarget &&","                    event.currentTarget.className &&","                    event.currentTarget.className.includes &&","                    event.currentTarget.className.includes('onreset'))) {","                // reset output","                Array.from(","                    document.querySelectorAll('body > .resettable')","                ).forEach(function (element) {","                    switch (element.tagName) {","                    case 'INPUT':","                    case 'TEXTAREA':","                        element.value = '';","                        break;","                    default:","                        element.textContent = '';","                    }","                });","            }","            switch (event && event.currentTarget && event.currentTarget.id) {","            case 'testRunButton1':","                // show tests","                if (document.querySelector('#testReportDiv1').style.display === 'none') {","                    document.querySelector('#testReportDiv1').style.display = 'block';","                    document.querySelector('#testRunButton1').textContent =","                        'hide internal test';","                    local.modeTest = true;","                    local.testRunDefault(local);","                // hide tests","                } else {","                    document.querySelector('#testReportDiv1').style.display = 'none';","                    document.querySelector('#testRunButton1').textContent = 'run internal test';","                }","                break;","            // custom-case","            default:","                break;","            }","            if (document.querySelector('#inputTextareaEval1') && (!event || (event &&","                    event.currentTarget &&","                    event.currentTarget.className &&","                    event.currentTarget.className.includes &&","                    event.currentTarget.className.includes('oneval')))) {","                // try to eval input-code","                try {","                    /*jslint evil: true*/","                    eval(document.querySelector('#inputTextareaEval1').value);","                } catch (errorCaught) {","                    console.error(errorCaught);","                }","            }","        };","        // log stderr and stdout to #outputTextareaStdout1","        ['error', 'log'].forEach(function (key) {","            console[key + '_original'] = console[key];","            console[key] = function () {","                var element;","                console[key + '_original'].apply(console, arguments);","                element = document.querySelector('#outputTextareaStdout1');","                if (!element) {","                    return;","                }","                // append text to #outputTextareaStdout1","                element.value += Array.from(arguments).map(function (arg) {","                    return typeof arg === 'string'","                        ? arg","                        : JSON.stringify(arg, null, 4);","                }).join(' ') + '\\n';","                // scroll textarea to bottom","                element.scrollTop = element.scrollHeight;","            };","        });","        // init event-handling","        ['change', 'click', 'keyup'].forEach(function (event) {","            Array.from(document.querySelectorAll('.on' + event)).forEach(function (element) {","                element.addEventListener(event, local.testRunBrowser);","            });","        });","        // run tests","        local.testRunBrowser();","        break;","","","","    // run node js-env code - post-init","    /* istanbul ignore next */","    case 'node':","        // export local","        module.exports = local;","        // require modules","        local.fs = require('fs');","        local.http = require('http');","        local.url = require('url');","        // init assets","        local.assetsDict = local.assetsDict || {};","        /* jslint-ignore-begin */","        local.assetsDict['/assets.index.template.html'] = '\\","<!doctype html>\\n\\","<html lang=\"en\">\\n\\","<head>\\n\\","<meta charset=\"UTF-8\">\\n\\","<meta name=\"viewport\" content=\"width=device-width, initial-scale=1\">\\n\\","<title>{{env.npm_package_name}} (v{{env.npm_package_version}})</title>\\n\\","<style>\\n\\","/*csslint\\n\\","    box-sizing: false,\\n\\","    universal-selector: false\\n\\","*/\\n\\","* {\\n\\","    box-sizing: border-box;\\n\\","}\\n\\","body {\\n\\","    background: #dde;\\n\\","    font-family: Arial, Helvetica, sans-serif;\\n\\","    margin: 2rem;\\n\\","}\\n\\","body > * {\\n\\","    margin-bottom: 1rem;\\n\\","}\\n\\",".utility2FooterDiv {\\n\\","    margin-top: 20px;\\n\\","    text-align: center;\\n\\","}\\n\\","</style>\\n\\","<style>\\n\\","/*csslint\\n\\","*/\\n\\","textarea {\\n\\","    font-family: monospace;\\n\\","    height: 10rem;\\n\\","    width: 100%;\\n\\","}\\n\\","textarea[readonly] {\\n\\","    background: #ddd;\\n\\","}\\n\\","</style>\\n\\","</head>\\n\\","<body>\\n\\","<!-- utility2-comment\\n\\","<div id=\"ajaxProgressDiv1\" style=\"background: #d00; height: 2px; left: 0; margin: 0; padding: 0; position: fixed; top: 0; transition: background 0.5s, width 1.5s; width: 25%;\"></div>\\n\\","utility2-comment -->\\n\\","<h1>\\n\\","<!-- utility2-comment\\n\\","    <a\\n\\","        {{#if env.npm_package_homepage}}\\n\\","        href=\"{{env.npm_package_homepage}}\"\\n\\","        {{/if env.npm_package_homepage}}\\n\\","        target=\"_blank\"\\n\\","    >\\n\\","utility2-comment -->\\n\\","        {{env.npm_package_name}} (v{{env.npm_package_version}})\\n\\","<!-- utility2-comment\\n\\","    </a>\\n\\","utility2-comment -->\\n\\","</h1>\\n\\","<h3>{{env.npm_package_description}}</h3>\\n\\","<!-- utility2-comment\\n\\","<h4><a download href=\"assets.app.js\">download standalone app</a></h4>\\n\\","<button class=\"onclick onreset\" id=\"testRunButton1\">run internal test</button><br>\\n\\","<div id=\"testReportDiv1\" style=\"display: none;\"></div>\\n\\","utility2-comment -->\\n\\","\\n\\","\\n\\","\\n\\","<label>stderr and stdout</label>\\n\\","<textarea class=\"resettable\" id=\"outputTextareaStdout1\" readonly></textarea>\\n\\","<!-- utility2-comment\\n\\","{{#if isRollup}}\\n\\","<script src=\"assets.app.js\"></script>\\n\\","{{#unless isRollup}}\\n\\","utility2-comment -->\\n\\","<script src=\"assets.utility2.rollup.js\"></script>\\n\\","<script src=\"jsonp.utility2._stateInit?callback=window.utility2._stateInit\"></script>\\n\\","<script src=\"assets.npmtest_js_csp.rollup.js\"></script>\\n\\","<script src=\"assets.example.js\"></script>\\n\\","<script src=\"assets.test.js\"></script>\\n\\","<!-- utility2-comment\\n\\","{{/if isRollup}}\\n\\","utility2-comment -->\\n\\","<div class=\"utility2FooterDiv\">\\n\\","    [ this app was created with\\n\\","    <a href=\"https://github.com/kaizhu256/node-utility2\" target=\"_blank\">utility2</a>\\n\\","    ]\\n\\","</div>\\n\\","</body>\\n\\","</html>\\n\\","';","        /* jslint-ignore-end */","        if (local.templateRender) {","            local.assetsDict['/'] = local.templateRender(","                local.assetsDict['/assets.index.template.html'],","                {","                    env: local.objectSetDefault(local.env, {","                        npm_package_description: 'the greatest app in the world!',","                        npm_package_name: 'my-app',","                        npm_package_nameAlias: 'my_app',","                        npm_package_version: '0.0.1'","                    })","                }","            );","        } else {","            local.assetsDict['/'] = local.assetsDict['/assets.index.template.html']","                .replace((/\\{\\{env\\.(\\w+?)\\}\\}/g), function (match0, match1) {","                    // jslint-hack","                    String(match0);","                    switch (match1) {","                    case 'npm_package_description':","                        return 'the greatest app in the world!';","                    case 'npm_package_name':","                        return 'my-app';","                    case 'npm_package_nameAlias':","                        return 'my_app';","                    case 'npm_package_version':","                        return '0.0.1';","                    }","                });","        }","        // run the cli","        if (local.global.utility2_rollup || module !== require.main) {","            break;","        }","        local.assetsDict['/assets.example.js'] =","            local.assetsDict['/assets.example.js'] ||","            local.fs.readFileSync(__filename, 'utf8');","        // bug-workaround - long $npm_package_buildCustomOrg","        /* jslint-ignore-begin */","        local.assetsDict['/assets.npmtest_js_csp.rollup.js'] =","            local.assetsDict['/assets.npmtest_js_csp.rollup.js'] ||","            local.fs.readFileSync(","                local.npmtest_js_csp.__dirname + '/lib.npmtest_js_csp.js',","                'utf8'","            ).replace((/^#!/), '//');","        /* jslint-ignore-end */","        local.assetsDict['/favicon.ico'] = local.assetsDict['/favicon.ico'] || '';","        // if $npm_config_timeout_exit exists,","        // then exit this process after $npm_config_timeout_exit ms","        if (Number(process.env.npm_config_timeout_exit)) {","            setTimeout(process.exit, Number(process.env.npm_config_timeout_exit));","        }","        // start server","        if (local.global.utility2_serverHttp1) {","            break;","        }","        process.env.PORT = process.env.PORT || '8081';","        console.error('server starting on port ' + process.env.PORT);","        local.http.createServer(function (request, response) {","            request.urlParsed = local.url.parse(request.url);","            if (local.assetsDict[request.urlParsed.pathname] !== undefined) {","                response.end(local.assetsDict[request.urlParsed.pathname]);","                return;","            }","            response.statusCode = 404;","            response.end();","        }).listen(process.env.PORT);","        break;","    }","}());",""],"l":{"26":2,"28":2,"33":2,"35":2,"37":2,"38":2,"39":2,"44":1,"51":2,"55":2,"59":2,"61":2,"69":1,"70":2,"76":2,"79":2,"82":2,"83":2,"85":1,"89":2,"92":1,"93":1,"94":1,"96":1,"97":1,"100":1,"101":1,"103":1,"106":1,"108":2,"114":1,"116":1,"118":1,"123":1,"124":2,"125":2,"126":3,"127":3,"128":3,"129":3,"130":1,"133":3,"134":3,"139":3,"143":1,"144":3,"145":1,"149":1,"150":1,"158":1,"160":1,"161":1,"162":1,"164":1,"166":1,"258":1,"259":1,"271":1,"274":6,"275":6,"277":1,"279":2,"281":1,"283":2,"288":1,"289":1,"291":1,"296":1,"303":1,"306":1,"307":1,"310":1,"311":1,"313":1,"314":1,"315":1,"316":1,"317":1,"318":1,"319":1,"321":1,"322":1,"324":1}},"/home/travis/build/npmtest/node-npmtest-js-csp/node_modules/js-csp/lib/csp.js":{"path":"/home/travis/build/npmtest/node-npmtest-js-csp/node_modules/js-csp/lib/csp.js","s":{"1":1,"2":1,"3":1,"4":1,"5":2,"6":1,"7":1,"8":2,"9":1,"10":1,"11":2,"12":1,"13":1,"14":2,"15":1,"16":2,"17":1,"18":2,"19":1,"20":2,"21":1,"22":2,"23":1,"24":2,"25":1,"26":2,"27":1,"28":2,"29":1,"30":2,"31":1,"32":1,"33":2,"34":1,"35":2,"36":1,"37":2,"38":1,"39":2,"40":1,"41":1,"42":1,"43":1},"b":{},"f":{"1":2,"2":2,"3":2,"4":2,"5":2,"6":2,"7":2,"8":2,"9":2,"10":2,"11":2,"12":2,"13":2,"14":2,"15":2,"16":2},"fnMap":{"1":{"name":"get","line":12,"loc":{"start":{"line":12,"column":7},"end":{"line":12,"column":22}}},"2":{"name":"get","line":21,"loc":{"start":{"line":21,"column":7},"end":{"line":21,"column":22}}},"3":{"name":"get","line":30,"loc":{"start":{"line":30,"column":7},"end":{"line":30,"column":22}}},"4":{"name":"get","line":39,"loc":{"start":{"line":39,"column":7},"end":{"line":39,"column":22}}},"5":{"name":"get","line":45,"loc":{"start":{"line":45,"column":7},"end":{"line":45,"column":22}}},"6":{"name":"get","line":51,"loc":{"start":{"line":51,"column":7},"end":{"line":51,"column":22}}},"7":{"name":"get","line":57,"loc":{"start":{"line":57,"column":7},"end":{"line":57,"column":22}}},"8":{"name":"get","line":63,"loc":{"start":{"line":63,"column":7},"end":{"line":63,"column":22}}},"9":{"name":"get","line":69,"loc":{"start":{"line":69,"column":7},"end":{"line":69,"column":22}}},"10":{"name":"get","line":75,"loc":{"start":{"line":75,"column":7},"end":{"line":75,"column":22}}},"11":{"name":"get","line":81,"loc":{"start":{"line":81,"column":7},"end":{"line":81,"column":22}}},"12":{"name":"get","line":87,"loc":{"start":{"line":87,"column":7},"end":{"line":87,"column":22}}},"13":{"name":"get","line":96,"loc":{"start":{"line":96,"column":7},"end":{"line":96,"column":22}}},"14":{"name":"get","line":102,"loc":{"start":{"line":102,"column":7},"end":{"line":102,"column":22}}},"15":{"name":"get","line":108,"loc":{"start":{"line":108,"column":7},"end":{"line":108,"column":22}}},"16":{"name":"get","line":114,"loc":{"start":{"line":114,"column":7},"end":{"line":114,"column":22}}}},"statementMap":{"1":{"start":{"line":3,"column":0},"end":{"line":5,"column":3}},"2":{"start":{"line":6,"column":0},"end":{"line":6,"column":317}},"3":{"start":{"line":8,"column":0},"end":{"line":8,"column":43}},"4":{"start":{"line":10,"column":0},"end":{"line":15,"column":3}},"5":{"start":{"line":13,"column":4},"end":{"line":13,"column":28}},"6":{"start":{"line":17,"column":0},"end":{"line":17,"column":39}},"7":{"start":{"line":19,"column":0},"end":{"line":24,"column":3}},"8":{"start":{"line":22,"column":4},"end":{"line":22,"column":27}},"9":{"start":{"line":26,"column":0},"end":{"line":26,"column":41}},"10":{"start":{"line":28,"column":0},"end":{"line":33,"column":3}},"11":{"start":{"line":31,"column":4},"end":{"line":31,"column":28}},"12":{"start":{"line":35,"column":0},"end":{"line":35,"column":41}},"13":{"start":{"line":37,"column":0},"end":{"line":42,"column":3}},"14":{"start":{"line":40,"column":4},"end":{"line":40,"column":24}},"15":{"start":{"line":43,"column":0},"end":{"line":48,"column":3}},"16":{"start":{"line":46,"column":4},"end":{"line":46,"column":25}},"17":{"start":{"line":49,"column":0},"end":{"line":54,"column":3}},"18":{"start":{"line":52,"column":4},"end":{"line":52,"column":26}},"19":{"start":{"line":55,"column":0},"end":{"line":60,"column":3}},"20":{"start":{"line":58,"column":4},"end":{"line":58,"column":25}},"21":{"start":{"line":61,"column":0},"end":{"line":66,"column":3}},"22":{"start":{"line":64,"column":4},"end":{"line":64,"column":26}},"23":{"start":{"line":67,"column":0},"end":{"line":72,"column":3}},"24":{"start":{"line":70,"column":4},"end":{"line":70,"column":25}},"25":{"start":{"line":73,"column":0},"end":{"line":78,"column":3}},"26":{"start":{"line":76,"column":4},"end":{"line":76,"column":36}},"27":{"start":{"line":79,"column":0},"end":{"line":84,"column":3}},"28":{"start":{"line":82,"column":4},"end":{"line":82,"column":37}},"29":{"start":{"line":85,"column":0},"end":{"line":90,"column":3}},"30":{"start":{"line":88,"column":4},"end":{"line":88,"column":29}},"31":{"start":{"line":92,"column":0},"end":{"line":92,"column":33}},"32":{"start":{"line":94,"column":0},"end":{"line":99,"column":3}},"33":{"start":{"line":97,"column":4},"end":{"line":97,"column":22}},"34":{"start":{"line":100,"column":0},"end":{"line":105,"column":3}},"35":{"start":{"line":103,"column":4},"end":{"line":103,"column":19}},"36":{"start":{"line":106,"column":0},"end":{"line":111,"column":3}},"37":{"start":{"line":109,"column":4},"end":{"line":109,"column":21}},"38":{"start":{"line":112,"column":0},"end":{"line":117,"column":3}},"39":{"start":{"line":115,"column":4},"end":{"line":115,"column":28}},"40":{"start":{"line":119,"column":0},"end":{"line":119,"column":41}},"41":{"start":{"line":121,"column":0},"end":{"line":121,"column":40}},"42":{"start":{"line":123,"column":0},"end":{"line":149,"column":2}},"43":{"start":{"line":150,"column":0},"end":{"line":150,"column":141}}},"branchMap":{},"code":["'use strict';","","Object.defineProperty(exports, \"__esModule\", {","  value: true","});","exports.promiseChan = exports.chan = exports.go = exports.spawn = exports.NO_VALUE = exports.takeAsync = exports.putAsync = exports.alts = exports.sleep = exports.poll = exports.offer = exports.take = exports.put = exports.DEFAULT = exports.timeout = exports.CLOSED = exports.buffers = exports.operations = undefined;","","var _channels = require('./impl/channels');","","Object.defineProperty(exports, 'CLOSED', {","  enumerable: true,","  get: function get() {","    return _channels.CLOSED;","  }","});","","var _timers = require('./impl/timers');","","Object.defineProperty(exports, 'timeout', {","  enumerable: true,","  get: function get() {","    return _timers.timeout;","  }","});","","var _results = require('./impl/results');","","Object.defineProperty(exports, 'DEFAULT', {","  enumerable: true,","  get: function get() {","    return _results.DEFAULT;","  }","});","","var _process = require('./impl/process');","","Object.defineProperty(exports, 'put', {","  enumerable: true,","  get: function get() {","    return _process.put;","  }","});","Object.defineProperty(exports, 'take', {","  enumerable: true,","  get: function get() {","    return _process.take;","  }","});","Object.defineProperty(exports, 'offer', {","  enumerable: true,","  get: function get() {","    return _process.offer;","  }","});","Object.defineProperty(exports, 'poll', {","  enumerable: true,","  get: function get() {","    return _process.poll;","  }","});","Object.defineProperty(exports, 'sleep', {","  enumerable: true,","  get: function get() {","    return _process.sleep;","  }","});","Object.defineProperty(exports, 'alts', {","  enumerable: true,","  get: function get() {","    return _process.alts;","  }","});","Object.defineProperty(exports, 'putAsync', {","  enumerable: true,","  get: function get() {","    return _process.putThenCallback;","  }","});","Object.defineProperty(exports, 'takeAsync', {","  enumerable: true,","  get: function get() {","    return _process.takeThenCallback;","  }","});","Object.defineProperty(exports, 'NO_VALUE', {","  enumerable: true,","  get: function get() {","    return _process.NO_VALUE;","  }","});","","var _csp = require('./csp.core');","","Object.defineProperty(exports, 'spawn', {","  enumerable: true,","  get: function get() {","    return _csp.spawn;","  }","});","Object.defineProperty(exports, 'go', {","  enumerable: true,","  get: function get() {","    return _csp.go;","  }","});","Object.defineProperty(exports, 'chan', {","  enumerable: true,","  get: function get() {","    return _csp.chan;","  }","});","Object.defineProperty(exports, 'promiseChan', {","  enumerable: true,","  get: function get() {","    return _csp.promiseChan;","  }","});","","var _buffers = require('./impl/buffers');","","var _csp2 = require('./csp.operations');","","var operations = exports.operations = {","  mapFrom: _csp2.mapFrom,","  mapInto: _csp2.mapInto,","  filterFrom: _csp2.filterFrom,","  filterInto: _csp2.filterInto,","  removeFrom: _csp2.removeFrom,","  removeInto: _csp2.removeInto,","  mapcatFrom: _csp2.mapcatFrom,","  mapcatInto: _csp2.mapcatInto,","  pipe: _csp2.pipe,","  split: _csp2.split,","  reduce: _csp2.reduce,","  onto: _csp2.onto,","  fromColl: _csp2.fromColl,","  map: _csp2.map,","  merge: _csp2.merge,","  into: _csp2.into,","  unique: _csp2.unique,","  partitionBy: _csp2.partitionBy,","  partition: _csp2.partition,","  mult: _csp2.mult,","  mix: _csp2.mix,","  pub: _csp2.pub,","  pipeline: _csp2.pipeline,","  pipelineAsync: _csp2.pipelineAsync,","  take: _csp2.take","};","var buffers = exports.buffers = { fixed: _buffers.fixed, dropping: _buffers.dropping, sliding: _buffers.sliding, promise: _buffers.promise };"],"l":{"3":1,"6":1,"8":1,"10":1,"13":2,"17":1,"19":1,"22":2,"26":1,"28":1,"31":2,"35":1,"37":1,"40":2,"43":1,"46":2,"49":1,"52":2,"55":1,"58":2,"61":1,"64":2,"67":1,"70":2,"73":1,"76":2,"79":1,"82":2,"85":1,"88":2,"92":1,"94":1,"97":2,"100":1,"103":2,"106":1,"109":2,"112":1,"115":2,"119":1,"121":1,"123":1,"150":1}},"/home/travis/build/npmtest/node-npmtest-js-csp/node_modules/js-csp/lib/impl/channels.js":{"path":"/home/travis/build/npmtest/node-npmtest-js-csp/node_modules/js-csp/lib/impl/channels.js","s":{"1":1,"2":1,"3":1,"4":1,"5":1,"6":1,"7":1,"8":1,"9":1,"10":1,"11":1,"12":2,"13":1,"14":1,"15":1,"16":1,"17":1,"18":0,"19":0,"20":0,"21":0,"22":0,"23":0,"24":0,"25":0,"26":1,"27":0,"28":0,"29":0,"30":0,"31":0,"32":0,"33":0,"34":0,"35":0,"36":0,"37":0,"38":0,"39":0,"40":0,"41":0,"42":0,"43":0,"44":0,"45":0,"46":0,"47":0,"48":0,"49":0,"50":0,"51":0,"52":0,"53":0,"54":0,"55":0,"56":0,"57":0,"58":0,"59":0,"60":0,"61":0,"62":0,"63":0,"64":0,"65":0,"66":0,"67":0,"68":0,"69":0,"70":0,"71":0,"72":0,"73":0,"74":0,"75":0,"76":0,"77":0,"78":0,"79":0,"80":0,"81":0,"82":0,"83":0,"84":0,"85":0,"86":0,"87":0,"88":0,"89":0,"90":0,"91":0,"92":0,"93":0,"94":0,"95":0,"96":0,"97":0,"98":0,"99":0,"100":0,"101":0,"102":0,"103":0,"104":0,"105":0,"106":0,"107":1,"108":1,"109":0,"110":0,"111":0,"112":0,"113":1,"114":0,"115":0,"116":1,"117":0,"118":0,"119":0,"120":0,"121":1,"122":0,"123":0,"124":0,"125":0,"126":0,"127":0,"128":0,"129":0,"130":1,"131":0,"132":0,"133":0,"134":0,"135":0,"136":0,"137":0},"b":{"1":[2,0],"2":[2,2],"3":[0,0],"4":[0,0],"5":[0,0],"6":[0,0],"7":[0,0],"8":[0,0],"9":[0,0],"10":[0,0],"11":[0,0],"12":[0,0],"13":[0,0],"14":[0,0],"15":[0,0],"16":[0,0],"17":[0,0],"18":[0,0],"19":[0,0],"20":[0,0],"21":[0,0],"22":[0,0],"23":[0,0],"24":[0,0],"25":[0,0],"26":[0,0],"27":[0,0],"28":[0,0],"29":[0,0],"30":[0,0],"31":[0,0],"32":[0,0],"33":[0,0],"34":[0,0],"35":[0,0]},"f":{"1":2,"2":1,"3":0,"4":0,"5":0,"6":0,"7":0,"8":0,"9":0,"10":0,"11":0,"12":0,"13":0,"14":0,"15":0,"16":0,"17":0,"18":0,"19":0,"20":0,"21":0},"fnMap":{"1":{"name":"_interopRequireDefault","line":24,"loc":{"start":{"line":24,"column":0},"end":{"line":24,"column":37}}},"2":{"name":"(anonymous_2)","line":30,"loc":{"start":{"line":30,"column":32},"end":{"line":30,"column":44}}},"3":{"name":"Channel","line":31,"loc":{"start":{"line":31,"column":2},"end":{"line":31,"column":44}}},"4":{"name":"put","line":45,"loc":{"start":{"line":45,"column":11},"end":{"line":45,"column":40}}},"5":{"name":"(anonymous_5)","line":108,"loc":{"start":{"line":108,"column":26},"end":{"line":108,"column":44}}},"6":{"name":"take","line":127,"loc":{"start":{"line":127,"column":11},"end":{"line":127,"column":34}}},"7":{"name":"(anonymous_7)","line":184,"loc":{"start":{"line":184,"column":27},"end":{"line":184,"column":47}}},"8":{"name":"close","line":204,"loc":{"start":{"line":204,"column":11},"end":{"line":204,"column":28}}},"9":{"name":"(anonymous_9)","line":225,"loc":{"start":{"line":225,"column":36},"end":{"line":225,"column":53}}},"10":{"name":"(anonymous_10)","line":231,"loc":{"start":{"line":231,"column":35},"end":{"line":231,"column":53}}},"11":{"name":"isClosed","line":239,"loc":{"start":{"line":239,"column":11},"end":{"line":239,"column":31}}},"12":{"name":"transducerInit","line":250,"loc":{"start":{"line":250,"column":23},"end":{"line":250,"column":49}}},"13":{"name":"transducerResult","line":254,"loc":{"start":{"line":254,"column":25},"end":{"line":254,"column":54}}},"14":{"name":"transducerStep","line":258,"loc":{"start":{"line":258,"column":23},"end":{"line":258,"column":62}}},"15":{"name":"defaultExceptionHandler","line":264,"loc":{"start":{"line":264,"column":0},"end":{"line":264,"column":38}}},"16":{"name":"handleEx","line":269,"loc":{"start":{"line":269,"column":0},"end":{"line":269,"column":37}}},"17":{"name":"handleException","line":279,"loc":{"start":{"line":279,"column":0},"end":{"line":279,"column":36}}},"18":{"name":"(anonymous_18)","line":280,"loc":{"start":{"line":280,"column":9},"end":{"line":280,"column":26}}},"19":{"name":"transducerStep","line":282,"loc":{"start":{"line":282,"column":27},"end":{"line":282,"column":66}}},"20":{"name":"transducerResult","line":289,"loc":{"start":{"line":289,"column":29},"end":{"line":289,"column":63}}},"21":{"name":"chan","line":302,"loc":{"start":{"line":302,"column":0},"end":{"line":302,"column":37}}}},"statementMap":{"1":{"start":{"line":3,"column":0},"end":{"line":5,"column":3}},"2":{"start":{"line":6,"column":0},"end":{"line":6,"column":90}},"3":{"start":{"line":8,"column":0},"end":{"line":8,"column":71}},"4":{"start":{"line":10,"column":0},"end":{"line":10,"column":64}},"5":{"start":{"line":12,"column":0},"end":{"line":12,"column":65}},"6":{"start":{"line":14,"column":0},"end":{"line":14,"column":58}},"7":{"start":{"line":16,"column":0},"end":{"line":16,"column":20}},"8":{"start":{"line":18,"column":0},"end":{"line":18,"column":36}},"9":{"start":{"line":20,"column":0},"end":{"line":20,"column":32}},"10":{"start":{"line":22,"column":0},"end":{"line":22,"column":32}},"11":{"start":{"line":24,"column":0},"end":{"line":24,"column":95}},"12":{"start":{"line":24,"column":39},"end":{"line":24,"column":93}},"13":{"start":{"line":26,"column":0},"end":{"line":26,"column":39}},"14":{"start":{"line":27,"column":0},"end":{"line":27,"column":51}},"15":{"start":{"line":28,"column":0},"end":{"line":28,"column":35}},"16":{"start":{"line":30,"column":0},"end":{"line":244,"column":4}},"17":{"start":{"line":31,"column":2},"end":{"line":41,"column":3}},"18":{"start":{"line":32,"column":4},"end":{"line":32,"column":49}},"19":{"start":{"line":34,"column":4},"end":{"line":34,"column":19}},"20":{"start":{"line":35,"column":4},"end":{"line":35,"column":23}},"21":{"start":{"line":36,"column":4},"end":{"line":36,"column":23}},"22":{"start":{"line":37,"column":4},"end":{"line":37,"column":21}},"23":{"start":{"line":38,"column":4},"end":{"line":38,"column":24}},"24":{"start":{"line":39,"column":4},"end":{"line":39,"column":23}},"25":{"start":{"line":40,"column":4},"end":{"line":40,"column":24}},"26":{"start":{"line":43,"column":2},"end":{"line":242,"column":6}},"27":{"start":{"line":46,"column":6},"end":{"line":48,"column":7}},"28":{"start":{"line":47,"column":8},"end":{"line":47,"column":59}},"29":{"start":{"line":56,"column":6},"end":{"line":58,"column":7}},"30":{"start":{"line":57,"column":8},"end":{"line":57,"column":20}},"31":{"start":{"line":60,"column":6},"end":{"line":63,"column":7}},"32":{"start":{"line":61,"column":8},"end":{"line":61,"column":25}},"33":{"start":{"line":62,"column":8},"end":{"line":62,"column":37}},"34":{"start":{"line":68,"column":6},"end":{"line":87,"column":7}},"35":{"start":{"line":69,"column":8},"end":{"line":69,"column":25}},"36":{"start":{"line":70,"column":8},"end":{"line":70,"column":91}},"37":{"start":{"line":73,"column":8},"end":{"line":81,"column":9}},"38":{"start":{"line":74,"column":10},"end":{"line":74,"column":39}},"39":{"start":{"line":77,"column":10},"end":{"line":80,"column":11}},"40":{"start":{"line":79,"column":12},"end":{"line":79,"column":73}},"41":{"start":{"line":83,"column":8},"end":{"line":85,"column":9}},"42":{"start":{"line":84,"column":10},"end":{"line":84,"column":23}},"43":{"start":{"line":86,"column":8},"end":{"line":86,"column":36}},"44":{"start":{"line":94,"column":6},"end":{"line":104,"column":7}},"45":{"start":{"line":95,"column":8},"end":{"line":95,"column":38}},"46":{"start":{"line":98,"column":8},"end":{"line":103,"column":9}},"47":{"start":{"line":99,"column":10},"end":{"line":99,"column":27}},"48":{"start":{"line":101,"column":10},"end":{"line":101,"column":60}},"49":{"start":{"line":102,"column":10},"end":{"line":102,"column":38}},"50":{"start":{"line":107,"column":6},"end":{"line":114,"column":7}},"51":{"start":{"line":108,"column":8},"end":{"line":110,"column":11}},"52":{"start":{"line":109,"column":10},"end":{"line":109,"column":43}},"53":{"start":{"line":111,"column":8},"end":{"line":111,"column":27}},"54":{"start":{"line":113,"column":8},"end":{"line":113,"column":28}},"55":{"start":{"line":116,"column":6},"end":{"line":121,"column":7}},"56":{"start":{"line":117,"column":8},"end":{"line":119,"column":9}},"57":{"start":{"line":118,"column":10},"end":{"line":118,"column":111}},"58":{"start":{"line":120,"column":8},"end":{"line":120,"column":70}},"59":{"start":{"line":123,"column":6},"end":{"line":123,"column":18}},"60":{"start":{"line":128,"column":6},"end":{"line":130,"column":7}},"61":{"start":{"line":129,"column":8},"end":{"line":129,"column":20}},"62":{"start":{"line":132,"column":6},"end":{"line":156,"column":7}},"63":{"start":{"line":133,"column":8},"end":{"line":133,"column":25}},"64":{"start":{"line":135,"column":8},"end":{"line":135,"column":38}},"65":{"start":{"line":141,"column":8},"end":{"line":154,"column":9}},"66":{"start":{"line":142,"column":10},"end":{"line":142,"column":39}},"67":{"start":{"line":145,"column":10},"end":{"line":153,"column":11}},"68":{"start":{"line":147,"column":12},"end":{"line":147,"column":69}},"69":{"start":{"line":150,"column":12},"end":{"line":152,"column":13}},"70":{"start":{"line":151,"column":14},"end":{"line":151,"column":27}},"71":{"start":{"line":155,"column":8},"end":{"line":155,"column":37}},"72":{"start":{"line":163,"column":6},"end":{"line":175,"column":7}},"73":{"start":{"line":164,"column":8},"end":{"line":164,"column":38}},"74":{"start":{"line":167,"column":8},"end":{"line":174,"column":9}},"75":{"start":{"line":168,"column":10},"end":{"line":168,"column":27}},"76":{"start":{"line":170,"column":10},"end":{"line":170,"column":68}},"77":{"start":{"line":173,"column":10},"end":{"line":173,"column":47}},"78":{"start":{"line":177,"column":6},"end":{"line":180,"column":7}},"79":{"start":{"line":178,"column":8},"end":{"line":178,"column":25}},"80":{"start":{"line":179,"column":8},"end":{"line":179,"column":38}},"81":{"start":{"line":183,"column":6},"end":{"line":190,"column":7}},"82":{"start":{"line":184,"column":8},"end":{"line":186,"column":11}},"83":{"start":{"line":185,"column":10},"end":{"line":185,"column":37}},"84":{"start":{"line":187,"column":8},"end":{"line":187,"column":28}},"85":{"start":{"line":189,"column":8},"end":{"line":189,"column":29}},"86":{"start":{"line":192,"column":6},"end":{"line":198,"column":7}},"87":{"start":{"line":193,"column":8},"end":{"line":195,"column":9}},"88":{"start":{"line":194,"column":10},"end":{"line":194,"column":112}},"89":{"start":{"line":197,"column":8},"end":{"line":197,"column":45}},"90":{"start":{"line":200,"column":6},"end":{"line":200,"column":18}},"91":{"start":{"line":205,"column":6},"end":{"line":207,"column":7}},"92":{"start":{"line":206,"column":8},"end":{"line":206,"column":15}},"93":{"start":{"line":209,"column":6},"end":{"line":209,"column":25}},"94":{"start":{"line":211,"column":6},"end":{"line":223,"column":7}},"95":{"start":{"line":212,"column":8},"end":{"line":212,"column":52}},"96":{"start":{"line":214,"column":8},"end":{"line":222,"column":9}},"97":{"start":{"line":215,"column":10},"end":{"line":215,"column":39}},"98":{"start":{"line":218,"column":10},"end":{"line":221,"column":11}},"99":{"start":{"line":220,"column":12},"end":{"line":220,"column":73}},"100":{"start":{"line":225,"column":6},"end":{"line":229,"column":9}},"101":{"start":{"line":226,"column":8},"end":{"line":228,"column":9}},"102":{"start":{"line":227,"column":10},"end":{"line":227,"column":60}},"103":{"start":{"line":231,"column":6},"end":{"line":235,"column":9}},"104":{"start":{"line":232,"column":8},"end":{"line":234,"column":9}},"105":{"start":{"line":233,"column":10},"end":{"line":233,"column":68}},"106":{"start":{"line":240,"column":6},"end":{"line":240,"column":25}},"107":{"start":{"line":243,"column":2},"end":{"line":243,"column":17}},"108":{"start":{"line":249,"column":0},"end":{"line":262,"column":2}},"109":{"start":{"line":251,"column":4},"end":{"line":251,"column":42}},"110":{"start":{"line":255,"column":4},"end":{"line":255,"column":13}},"111":{"start":{"line":259,"column":4},"end":{"line":259,"column":22}},"112":{"start":{"line":260,"column":4},"end":{"line":260,"column":18}},"113":{"start":{"line":264,"column":0},"end":{"line":267,"column":1}},"114":{"start":{"line":265,"column":2},"end":{"line":265,"column":57}},"115":{"start":{"line":266,"column":2},"end":{"line":266,"column":16}},"116":{"start":{"line":269,"column":0},"end":{"line":277,"column":1}},"117":{"start":{"line":270,"column":2},"end":{"line":270,"column":54}},"118":{"start":{"line":272,"column":2},"end":{"line":274,"column":3}},"119":{"start":{"line":273,"column":4},"end":{"line":273,"column":17}},"120":{"start":{"line":276,"column":2},"end":{"line":276,"column":13}},"121":{"start":{"line":279,"column":0},"end":{"line":298,"column":1}},"122":{"start":{"line":280,"column":2},"end":{"line":297,"column":4}},"123":{"start":{"line":281,"column":4},"end":{"line":296,"column":6}},"124":{"start":{"line":283,"column":8},"end":{"line":287,"column":9}},"125":{"start":{"line":284,"column":10},"end":{"line":284,"column":59}},"126":{"start":{"line":286,"column":10},"end":{"line":286,"column":48}},"127":{"start":{"line":290,"column":8},"end":{"line":294,"column":9}},"128":{"start":{"line":291,"column":10},"end":{"line":291,"column":54}},"129":{"start":{"line":293,"column":10},"end":{"line":293,"column":48}},"130":{"start":{"line":302,"column":0},"end":{"line":316,"column":1}},"131":{"start":{"line":303,"column":2},"end":{"line":303,"column":24}},"132":{"start":{"line":305,"column":2},"end":{"line":313,"column":3}},"133":{"start":{"line":306,"column":4},"end":{"line":308,"column":5}},"134":{"start":{"line":307,"column":6},"end":{"line":307,"column":68}},"135":{"start":{"line":310,"column":4},"end":{"line":310,"column":37}},"136":{"start":{"line":312,"column":4},"end":{"line":312,"column":30}},"137":{"start":{"line":315,"column":2},"end":{"line":315,"column":112}}},"branchMap":{"1":{"line":24,"type":"cond-expr","locations":[{"start":{"line":24,"column":70},"end":{"line":24,"column":73}},{"start":{"line":24,"column":76},"end":{"line":24,"column":92}}]},"2":{"line":24,"type":"binary-expr","locations":[{"start":{"line":24,"column":46},"end":{"line":24,"column":49}},{"start":{"line":24,"column":53},"end":{"line":24,"column":67}}]},"3":{"line":46,"type":"if","locations":[{"start":{"line":46,"column":6},"end":{"line":46,"column":6}},{"start":{"line":46,"column":6},"end":{"line":46,"column":6}}]},"4":{"line":56,"type":"if","locations":[{"start":{"line":56,"column":6},"end":{"line":56,"column":6}},{"start":{"line":56,"column":6},"end":{"line":56,"column":6}}]},"5":{"line":60,"type":"if","locations":[{"start":{"line":60,"column":6},"end":{"line":60,"column":6}},{"start":{"line":60,"column":6},"end":{"line":60,"column":6}}]},"6":{"line":68,"type":"if","locations":[{"start":{"line":68,"column":6},"end":{"line":68,"column":6}},{"start":{"line":68,"column":6},"end":{"line":68,"column":6}}]},"7":{"line":68,"type":"binary-expr","locations":[{"start":{"line":68,"column":10},"end":{"line":68,"column":18}},{"start":{"line":68,"column":22},"end":{"line":68,"column":40}}]},"8":{"line":73,"type":"binary-expr","locations":[{"start":{"line":73,"column":15},"end":{"line":73,"column":35}},{"start":{"line":73,"column":39},"end":{"line":73,"column":60}}]},"9":{"line":77,"type":"if","locations":[{"start":{"line":77,"column":10},"end":{"line":77,"column":10}},{"start":{"line":77,"column":10},"end":{"line":77,"column":10}}]},"10":{"line":83,"type":"if","locations":[{"start":{"line":83,"column":8},"end":{"line":83,"column":8}},{"start":{"line":83,"column":8},"end":{"line":83,"column":8}}]},"11":{"line":98,"type":"if","locations":[{"start":{"line":98,"column":8},"end":{"line":98,"column":8}},{"start":{"line":98,"column":8},"end":{"line":98,"column":8}}]},"12":{"line":107,"type":"if","locations":[{"start":{"line":107,"column":6},"end":{"line":107,"column":6}},{"start":{"line":107,"column":6},"end":{"line":107,"column":6}}]},"13":{"line":116,"type":"if","locations":[{"start":{"line":116,"column":6},"end":{"line":116,"column":6}},{"start":{"line":116,"column":6},"end":{"line":116,"column":6}}]},"14":{"line":117,"type":"if","locations":[{"start":{"line":117,"column":8},"end":{"line":117,"column":8}},{"start":{"line":117,"column":8},"end":{"line":117,"column":8}}]},"15":{"line":128,"type":"if","locations":[{"start":{"line":128,"column":6},"end":{"line":128,"column":6}},{"start":{"line":128,"column":6},"end":{"line":128,"column":6}}]},"16":{"line":132,"type":"if","locations":[{"start":{"line":132,"column":6},"end":{"line":132,"column":6}},{"start":{"line":132,"column":6},"end":{"line":132,"column":6}}]},"17":{"line":132,"type":"binary-expr","locations":[{"start":{"line":132,"column":10},"end":{"line":132,"column":18}},{"start":{"line":132,"column":22},"end":{"line":132,"column":42}}]},"18":{"line":141,"type":"binary-expr","locations":[{"start":{"line":141,"column":15},"end":{"line":141,"column":35}},{"start":{"line":141,"column":39},"end":{"line":141,"column":57}}]},"19":{"line":145,"type":"if","locations":[{"start":{"line":145,"column":10},"end":{"line":145,"column":10}},{"start":{"line":145,"column":10},"end":{"line":145,"column":10}}]},"20":{"line":150,"type":"if","locations":[{"start":{"line":150,"column":12},"end":{"line":150,"column":12}},{"start":{"line":150,"column":12},"end":{"line":150,"column":12}}]},"21":{"line":167,"type":"if","locations":[{"start":{"line":167,"column":8},"end":{"line":167,"column":8}},{"start":{"line":167,"column":8},"end":{"line":167,"column":8}}]},"22":{"line":177,"type":"if","locations":[{"start":{"line":177,"column":6},"end":{"line":177,"column":6}},{"start":{"line":177,"column":6},"end":{"line":177,"column":6}}]},"23":{"line":183,"type":"if","locations":[{"start":{"line":183,"column":6},"end":{"line":183,"column":6}},{"start":{"line":183,"column":6},"end":{"line":183,"column":6}}]},"24":{"line":192,"type":"if","locations":[{"start":{"line":192,"column":6},"end":{"line":192,"column":6}},{"start":{"line":192,"column":6},"end":{"line":192,"column":6}}]},"25":{"line":193,"type":"if","locations":[{"start":{"line":193,"column":8},"end":{"line":193,"column":8}},{"start":{"line":193,"column":8},"end":{"line":193,"column":8}}]},"26":{"line":205,"type":"if","locations":[{"start":{"line":205,"column":6},"end":{"line":205,"column":6}},{"start":{"line":205,"column":6},"end":{"line":205,"column":6}}]},"27":{"line":211,"type":"if","locations":[{"start":{"line":211,"column":6},"end":{"line":211,"column":6}},{"start":{"line":211,"column":6},"end":{"line":211,"column":6}}]},"28":{"line":214,"type":"binary-expr","locations":[{"start":{"line":214,"column":15},"end":{"line":214,"column":35}},{"start":{"line":214,"column":39},"end":{"line":214,"column":60}}]},"29":{"line":218,"type":"if","locations":[{"start":{"line":218,"column":10},"end":{"line":218,"column":10}},{"start":{"line":218,"column":10},"end":{"line":218,"column":10}}]},"30":{"line":226,"type":"if","locations":[{"start":{"line":226,"column":8},"end":{"line":226,"column":8}},{"start":{"line":226,"column":8},"end":{"line":226,"column":8}}]},"31":{"line":232,"type":"if","locations":[{"start":{"line":232,"column":8},"end":{"line":232,"column":8}},{"start":{"line":232,"column":8},"end":{"line":232,"column":8}}]},"32":{"line":270,"type":"binary-expr","locations":[{"start":{"line":270,"column":13},"end":{"line":270,"column":22}},{"start":{"line":270,"column":26},"end":{"line":270,"column":49}}]},"33":{"line":272,"type":"if","locations":[{"start":{"line":272,"column":2},"end":{"line":272,"column":2}},{"start":{"line":272,"column":2},"end":{"line":272,"column":2}}]},"34":{"line":305,"type":"if","locations":[{"start":{"line":305,"column":2},"end":{"line":305,"column":2}},{"start":{"line":305,"column":2},"end":{"line":305,"column":2}}]},"35":{"line":306,"type":"if","locations":[{"start":{"line":306,"column":4},"end":{"line":306,"column":4}},{"start":{"line":306,"column":4},"end":{"line":306,"column":4}}]}},"code":["'use strict';","","Object.defineProperty(exports, \"__esModule\", {","  value: true","});","exports.Channel = exports.CLOSED = exports.MAX_QUEUE_SIZE = exports.MAX_DIRTY = undefined;","","var _classCallCheck2 = require('babel-runtime/helpers/classCallCheck');","","var _classCallCheck3 = _interopRequireDefault(_classCallCheck2);","","var _createClass2 = require('babel-runtime/helpers/createClass');","","var _createClass3 = _interopRequireDefault(_createClass2);","","exports.chan = chan;","","var _buffers = require('./buffers');","","var _boxes = require('./boxes');","","var _utils = require('./utils');","","function _interopRequireDefault(obj) { return obj && obj.__esModule ? obj : { default: obj }; }","","var MAX_DIRTY = exports.MAX_DIRTY = 64;","var MAX_QUEUE_SIZE = exports.MAX_QUEUE_SIZE = 1024;","var CLOSED = exports.CLOSED = null;","","var Channel = exports.Channel = function () {","  function Channel(takes, puts, buf, xform) {","    (0, _classCallCheck3.default)(this, Channel);","","    this.buf = buf;","    this.xform = xform;","    this.takes = takes;","    this.puts = puts;","    this.dirtyTakes = 0
[...]
nction (mode) {","          chanData.state[mode] = updateState[mode];","        });","      };","","      for (var i = 0; i < length; i += 1) {","        _loop2(i);","      }","      this._changed();","    }","  }, {","    key: 'setSoloMode',","    value: function setSoloMode(mode) {","      if (VALID_SOLO_MODES.indexOf(mode) < 0) {","        throw new Error('Mode must be one of: ', VALID_SOLO_MODES.join(', '));","      }","      this.soloMode = mode;","      this._changed();","    }","  }]);","  return Mix;","}();","","function mix(out) {","  var m = new Mix(out);","  (0, _csp.go)(_regenerator2.default.mark(function _callee13() {","    var state, result, _value, channel, solos, stillOpen;","","    return _regenerator2.default.wrap(function _callee13$(_context15) {","      while (1) {","        switch (_context15.prev = _context15.next) {","          case 0:","            state = m._getAllState();","","          case 1:","            _context15.next = 3;","            return (0, _process.alts)(state.reads);","","          case 3:","            result = _context15.sent;","            _value = result.value;","            channel = result.channel;","","            if (!(_value === _channels.CLOSED)) {","              _context15.next = 11;","              break;","            }","","            delete m.stateMap[chanId(channel)];","            state = m._getAllState();","            _context15.next = 22;","            break;","","          case 11:","            if (!(channel === m.change)) {","              _context15.next = 15;","              break;","            }","","            state = m._getAllState();","            _context15.next = 22;","            break;","","          case 15:","            solos = state.solos;","","            if (!(solos.indexOf(channel) > -1 || solos.length === 0 && !(state.mutes.indexOf(channel) > -1))) {","              _context15.next = 22;","              break;","            }","","            _context15.next = 19;","            return (0, _process.put)(out, _value);","","          case 19:","            stillOpen = _context15.sent;","","            if (stillOpen) {","              _context15.next = 22;","              break;","            }","","            return _context15.abrupt('break', 24);","","          case 22:","            _context15.next = 1;","            break;","","          case 24:","          case 'end':","            return _context15.stop();","        }","      }","    }, _callee13, this);","  }));","  return m;","}","","mix.add = function admix(m, ch) {","  m.admix(ch);","};","","mix.remove = function unmix(m, ch) {","  m.unmix(ch);","};","","mix.removeAll = function unmixAll(m) {","  m.unmixAll();","};","","mix.toggle = function toggle(m, updateStateList) {","  m.toggle(updateStateList);","};","","mix.setSoloMode = function setSoloMode(m, mode) {","  m.setSoloMode(mode);","};","","function constantlyNull() {","  return null;","}","","var Pub = function () {","  function Pub(ch, topicFn, bufferFn) {","    (0, _classCallCheck3.default)(this, Pub);","","    this.ch = ch;","    this.topicFn = topicFn;","    this.bufferFn = bufferFn;","    this.mults = {};","  }","","  (0, _createClass3.default)(Pub, [{","    key: '_ensureMult',","    value: function _ensureMult(topic) {","      var m = this.mults[topic];","      var bufferFn = this.bufferFn;","","      if (!m) {","        var defaultVal = mult((0, _csp.chan)(bufferFn(topic)));","","        m = defaultVal;","        this.mults[topic] = defaultVal;","      }","      return m;","    }","  }, {","    key: 'sub',","    value: function sub(topic, ch, keepOpen) {","      var m = this._ensureMult(topic);","      return mult.tap(m, ch, keepOpen);","    }","  }, {","    key: 'unsub',","    value: function unsub(topic, ch) {","      var m = this.mults[topic];","      if (m) {","        mult.untap(m, ch);","      }","    }","  }, {","    key: 'unsubAll',","    value: function unsubAll(topic) {","      if (topic === undefined) {","        this.mults = {};","      } else {","        delete this.mults[topic];","      }","    }","  }]);","  return Pub;","}();","","function pub(ch, topicFn) {","  var bufferFn = arguments.length > 2 && arguments[2] !== undefined ? arguments[2] : constantlyNull;","","  var p = new Pub(ch, topicFn, bufferFn);","  (0, _csp.go)(_regenerator2.default.mark(function _callee14() {","    var _this3 = this;","","    var _loop3, _ret3;","","    return _regenerator2.default.wrap(function _callee14$(_context17) {","      while (1) {","        switch (_context17.prev = _context17.next) {","          case 0:","            _loop3 = _regenerator2.default.mark(function _loop3() {","              var value, mults, topic, m, stillOpen;","              return _regenerator2.default.wrap(function _loop3$(_context16) {","                while (1) {","                  switch (_context16.prev = _context16.next) {","                    case 0:","                      _context16.next = 2;","                      return (0, _process.take)(ch);","","                    case 2:","                      value = _context16.sent;","                      mults = p.mults;","","                      if (!(value === _channels.CLOSED)) {","                        _context16.next = 7;","                        break;","                      }","","                      (0, _keys2.default)(mults).forEach(function (topic) {","                        mults[topic].muxch().close();","                      });","                      return _context16.abrupt('return', 'break');","","                    case 7:","                      // TODO: Somehow ensure/document that this must return a string","                      // (otherwise use proper (hash)maps)","                      topic = topicFn(value);","                      m = mults[topic];","","                      if (!m) {","                        _context16.next = 14;","                        break;","                      }","","                      _context16.next = 12;","                      return (0, _process.put)(m.muxch(), value);","","                    case 12:","                      stillOpen = _context16.sent;","","                      if (!stillOpen) {","                        delete mults[topic];","                      }","","                    case 14:","                    case 'end':","                      return _context16.stop();","                  }","                }","              }, _loop3, _this3);","            });","","          case 1:","            return _context17.delegateYield(_loop3(), 't0', 2);","","          case 2:","            _ret3 = _context17.t0;","","            if (!(_ret3 === 'break')) {","              _context17.next = 5;","              break;","            }","","            return _context17.abrupt('break', 7);","","          case 5:","            _context17.next = 1;","            break;","","          case 7:","          case 'end':","            return _context17.stop();","        }","      }","    }, _callee14, this);","  }));","  return p;","}","","pub.sub = function (p, topic, ch, keepOpen) {","  return p.sub(topic, ch, keepOpen);","};","","pub.unsub = function (p, topic, ch) {","  p.unsub(topic, ch);","};","","pub.unsubAll = function (p, topic) {","  p.unsubAll(topic);","};","","function pipelineInternal(n, to, from, close, taskFn) {","  if (n <= 0) {","    throw new Error('n must be positive');","  }","","  var jobs = (0, _csp.chan)(n);","  var results = (0, _csp.chan)(n);","","  (0, _times2.default)(n, function () {","    (0, _csp.go)(_regenerator2.default.mark(function _callee15(_taskFn, _jobs, _results) {","      var job;","      return _regenerator2.default.wrap(function _callee15$(_context18) {","        while (1) {","          switch (_context18.prev = _context18.next) {","            case 0:","              _context18.next = 2;","              return (0, _process.take)(_jobs);","","            case 2:","              job = _context18.sent;","","              if (_taskFn(job)) {","                _context18.next = 6;","                break;","              }","","              _results.close();","              return _context18.abrupt('break', 8);","","            case 6:","              _context18.next = 0;","              break;","","            case 8:","            case 'end':","              return _context18.stop();","          }","        }","      }, _callee15, this);","    }), [taskFn, jobs, results]);","  });","","  (0, _csp.go)(_regenerator2.default.mark(function _callee16(_jobs, _from, _results) {","    var v, p;","    return _regenerator2.default.wrap(function _callee16$(_context19) {","      while (1) {","        switch (_context19.prev = _context19.next) {","          case 0:","            _context19.next = 2;","            return (0, _process.take)(_from);","","          case 2:","            v = _context19.sent;","","            if (!(v === _channels.CLOSED)) {","              _context19.next = 6;","              break;","            }","","            _jobs.close();","            return _context19.abrupt('break', 13);","","          case 6:","            p = (0, _csp.chan)(1);","            _context19.next = 9;","            return (0, _process.put)(_jobs, [v, p]);","","          case 9:","            _context19.next = 11;","            return (0, _process.put)(_results, p);","","          case 11:","            _context19.next = 0;","            break;","","          case 13:","          case 'end':","            return _context19.stop();","        }","      }","    }, _callee16, this);","  }), [jobs, from, results]);","","  (0, _csp.go)(_regenerator2.default.mark(function _callee17(_results, _close, _to) {","    var p, res, v;","    return _regenerator2.default.wrap(function _callee17$(_context20) {","      while (1) {","        switch (_context20.prev = _context20.next) {","          case 0:","            _context20.next = 2;","            return (0, _process.take)(_results);","","          case 2:","            p = _context20.sent;","","            if (!(p === _channels.CLOSED)) {","              _context20.next = 6;","              break;","            }","","            if (_close) {","              _to.close();","            }","            return _context20.abrupt('break', 20);","","          case 6:","            _context20.next = 8;","            return (0, _process.take)(p);","","          case 8:","            res = _context20.sent;","","          case 9:","            _context20.next = 11;","            return (0, _process.take)(res);","","          case 11:","            v = _context20.sent;","","            if (!(v === _channels.CLOSED)) {","              _context20.next = 14;","              break;","            }","","            return _context20.abrupt('break', 18);","","          case 14:","            _context20.next = 16;","            return (0, _process.put)(_to, v);","","          case 16:","            _context20.next = 9;","            break;","","          case 18:","            _context20.next = 0;","            break;","","          case 20:","          case 'end':","            return _context20.stop();","        }","      }","    }, _callee17, this);","  }), [results, close, to]);","","  return to;","}","","function pipeline(to, xf, from, keepOpen, exHandler) {","  function taskFn(job) {","    if (job === _channels.CLOSED) {","      return null;","    }","","    var _job = (0, _slicedToArray3.default)(job, 2),","        v = _job[0],","        p = _job[1];","","    var res = (0, _csp.chan)(1, xf, exHandler);","","    (0, _csp.go)(_regenerator2.default.mark(function _callee18(ch, value) {","      return _regenerator2.default.wrap(function _callee18$(_context21) {","        while (1) {","          switch (_context21.prev = _context21.next) {","            case 0:","              _context21.next = 2;","              return (0, _process.put)(ch, value);","","            case 2:","              res.close();","","            case 3:","            case 'end':","              return _context21.stop();","          }","        }","      }, _callee18, this);","    }), [res, v]);","","    (0, _process.putThenCallback)(p, res);","","    return true;","  }","","  return pipelineInternal(1, to, from, !keepOpen, taskFn);","}","","function pipelineAsync(n, to, af, from, keepOpen) {","  function taskFn(job) {","    if (job === _channels.CLOSED) {","      return null;","    }","","    var _job2 = (0, _slicedToArray3.default)(job, 2),","        v = _job2[0],","        p = _job2[1];","","    var res = (0, _csp.chan)(1);","    af(v, res);","    (0, _process.putThenCallback)(p, res);","","    return true;","  }","","  return pipelineInternal(n, to, from, !keepOpen, taskFn);","}","// Possible \"fluid\" interfaces:","","// thread(","//   [fromColl, [1, 2, 3, 4]],","//   [mapFrom, inc],","//   [into, []]","// )","","// thread(","//   [fromColl, [1, 2, 3, 4]],","//   [mapFrom, inc, _],","//   [into, [], _]","// )","","// wrap()","//   .fromColl([1, 2, 3, 4])","//   .mapFrom(inc)","//   .into([])","//   .unwrap();"],"l":{"3":1,"7":1,"9":1,"11":1,"13":1,"15":1,"17":1,"19":1,"21":1,"23":1,"25":1,"27":1,"29":1,"31":1,"32":1,"33":1,"34":1,"35":1,"36":1,"37":1,"38":1,"39":1,"40":1,"41":1,"42":1,"43":1,"44":1,"45":1,"46":1,"47":1,"48":1,"49":1,"50":1,"51":1,"52":1,"53":1,"54":1,"55":1,"57":1,"59":1,"61":1,"63":1,"65":1,"67":1,"69":7,"71":1,"73":1,"74":0,"76":0,"79":0,"82":0,"85":0,"87":0,"90":0,"91":0,"92":0,"97":0,"98":0,"99":0,"102":0,"107":1,"108":0,"110":0,"113":0,"116":0,"119":0,"124":1,"125":0,"127":0,"128":0,"129":0,"130":0,"131":0,"133":0,"134":0,"137":0,"139":0,"140":0,"141":0,"144":0,"145":0,"148":0,"149":0,"150":0,"153":0,"154":0,"157":0,"158":0,"162":0,"167":0,"170":1,"171":0,"173":0,"176":0,"179":0,"180":0,"183":0,"186":0,"191":1,"192":0,"193":0,"197":1,"198":0,"199":0,"203":1,"204":0,"205":0,"206":0,"207":0,"209":0,"210":0,"213":0,"215":0,"216":0,"217":0,"220":0,"221":0,"224":0,"225":0,"226":0,"229":0,"230":0,"231":0,"234":0,"235":0,"238":0,"239":0,"240":0,"243":0,"244":0,"245":0,"248":0,"251":0,"252":0,"256":0,"262":1,"263":0,"264":0,"265":0,"268":1,"269":0,"270":0,"271":0,"274":1,"275":0,"276":0,"277":0,"278":0,"279":0,"281":0,"282":0,"285":0,"287":0,"288":0,"289":0,"292":0,"293":0,"295":0,"298":0,"299":0,"302":0,"303":0,"304":0,"307":0,"310":0,"311":0,"315":0,"320":0,"323":1,"324":0,"325":0,"326":0,"327":0,"328":0,"329":0,"330":0,"332":0,"333":0,"336":0,"338":0,"339":0,"340":0,"343":0,"344":0,"345":0,"348":0,"349":0,"352":0,"353":0,"357":0,"362":0,"365":1,"366":0,"367":0,"368":0,"369":0,"370":0,"372":0,"375":0,"376":0,"379":0,"381":0,"382":0,"383":0,"386":0,"390":0,"393":0,"394":0,"398":0,"405":1,"406":0,"407":0,"408":0,"409":0,"410":0,"412":0,"415":0,"418":0,"419":0,"420":0,"423":0,"424":0,"427":0,"428":0,"429":0,"432":0,"433":0,"438":0,"446":1,"447":0,"448":0,"449":0,"452":1,"453":0,"454":0,"456":0,"458":0,"460":0,"462":0,"463":0,"464":0,"465":0,"466":0,"467":0,"468":0,"473":0,"474":0,"477":0,"478":0,"480":0,"481":0,"482":0,"484":0,"487":0,"488":0,"489":0,"492":0,"496":0,"497":0,"500":0,"501":0,"504":0,"505":0,"506":0,"509":0,"510":0,"511":0,"514":0,"515":0,"518":0,"519":0,"520":0,"523":0,"524":0,"527":0,"528":0,"532":0,"537":0,"540":1,"541":0,"542":0,"543":0,"544":0,"545":0,"546":0,"547":0,"549":0,"550":0,"551":0,"554":0,"557":0,"558":0,"561":0,"562":0,"564":0,"565":0,"566":0,"570":0,"572":0,"573":0,"574":0,"577":0,"578":0,"581":0,"582":0,"585":0,"589":0,"594":0,"597":1,"598":0,"599":0,"600":0,"601":0,"605":1,"606":0,"607":0,"608":0,"609":0,"610":0,"611":0,"613":0,"616":0,"617":0,"618":0,"621":0,"622":0,"625":0,"627":0,"628":0,"629":0,"632":0,"635":0,"636":0,"639":0,"640":0,"641":0,"644":0,"648":0,"653":0,"656":1,"658":1,"659":0,"660":0,"661":0,"662":0,"663":0,"664":0,"665":0,"667":0,"668":0,"671":0,"673":0,"674":0,"675":0,"678":0,"681":0,"682":0,"683":0,"686":0,"687":0,"688":0,"691":0,"692":0,"695":0,"699":0,"704":0,"707":1,"708":0,"709":0,"710":0,"711":0,"712":0,"713":0,"714":0,"715":0,"717":0,"718":0,"721":0,"723":0,"724":0,"725":0,"728":0,"729":0,"730":0,"733":0,"734":0,"737":0,"738":0,"741":0,"743":0,"744":0,"745":0,"748":0,"749":0,"750":0,"753":0,"754":0,"757":0,"760":0,"763":0,"764":0,"768":0,"773":0,"776":1,"777":0,"778":0,"779":0,"780":0,"781":0,"782":0,"784":0,"785":0,"788":0,"789":0,"790":0,"793":0,"794":0,"797":0,"799":0,"800":0,"801":0,"804":0,"805":0,"806":0,"809":0,"810":0,"813":0,"814":0,"817":0,"820":0,"821":0,"822":0,"825":0,"826":0,"829":0,"830":0,"834":0,"839":0,"843":1,"844":1,"846":1,"847":0,"848":0,"852":1,"854":1,"855":0,"857":0,"858":0,"860":0,"861":0,"864":0,"867":1,"868":0,"870":0,"871":0,"874":1,"875":1,"876":0,"878":0,"879":0,"882":1,"885":0,"890":0,"895":0,"900":0,"903":1,"906":1,"907":0,"908":0,"909":0,"911":1,"912":0,"913":0,"914":0,"915":0,"917":0,"918":0,"923":0,"924":0,"926":0,"928":0,"929":0,"930":0,"932":0,"933":0,"934":0,"935":0,"936":0,"938":0,"939":0,"942":0,"943":0,"944":0,"946":0,"947":0,"948":0,"951":0,"952":0,"953":0,"954":0,"959":0,"960":0,"963":0,"966":0,"969":0,"970":0,"971":0,"975":0,"976":0,"977":0,"980":0,"981":0,"985":0,"992":0,"995":0,"997":0,"998":0,"999":0,"1002":0,"1005":0,"1006":0,"1010":0,"1015":0,"1018":1,"1019":0,"1020":0,"1023":1,"1024":0,"1027":1,"1028":0,"1031":1,"1032":1,"1033":1,"1034":1,"1036":1,"1037":1,"1038":0,"1040":0,"1041":0,"1042":0,"1043":0,"1046":1,"1049":0,"1054":0,"1055":0,"1056":0,"1057":0,"1058":0,"1060":0,"1061":0,"1062":0,"1063":0,"1064":0,"1065":0,"1068":0,"1069":0,"1071":0,"1072":0,"1076":0,"1077":0,"1078":0,"1079":0,"1080":0,"1081":0,"1082":0,"1084":0,"1086":0,"1087":0,"1088":0,"1089":0,"1090":0,"1091":0,"1094":0,"1097":0,"1102":0,"1106":0,"1111":0,"1112":0,"1117":0,"1118":0,"1123":0,"1126":0,"1128":0,"1129":0,"1130":0,"1131":0,"1132":0,"1134":0,"1135":0,"1140":0,"1141":0,"1143":0,"1144":0,"1148":0,"1149":0,"1151":0,"1156":0,"1157":0,"1159":0,"1160":0,"1163":1,"1166":1,"1167":0,"1168":0,"1169":0,"1171":0,"1172":0,"1173":0,"1175":0,"1178":0,"1179":0,"1182":0,"1183":0,"1184":0,"1186":0,"1187":0,"1188":0,"1191":0,"1192":0,"1193":0,"1194":0,"1197":0,"1198":0,"1199":0,"1202":0,"1203":0,"1204":0,"1207":0,"1209":0,"1210":0,"1211":0,"1214":0,"1215":0,"1218":0,"1220":0,"1221":0,"1222":0,"1225":0,"1228":0,"1229":0,"1233":0,"1238":0,"1241":1,"1242":0,"1245":1,"1246":0,"1249":1,"1250":0,"1253":1,"1254":0,"1257":1,"1258":0,"1261":1,"1262":0,"1265":1,"1266":1,"1267":0,"1269":0,"1270":0,"1271":0,"1272":0,"1275":1,"1278":0,"1279":0,"1281":0,"1282":0,"1284":0,"1285":0,"1287":0,"1292":0,"1293":0,"1298":0,"1299":0,"1300":0,"1306":0,"1307":0,"1309":0,"1313":1,"1316":1,"1317":0,"1319":0,"1320":0,"1321":0,"1323":0,"1325":0,"1326":0,"1327":0,"1329":0,"1330":0,"1331":0,"1332":0,"1333":0,"1335":0,"1336":0,"1339":0,"1340":0,"1342":0,"1343":0,"1344":0,"1347":0,"1348":0,"1350":0,"1355":0,"1356":0,"1358":0,"1359":0,"1360":0,"1363":0,"1364":0,"1367":0,"1369":0,"1370":0,"1375":0,"1382":0,"1385":0,"1387":0,"1388":0,"1389":0,"1392":0,"1395":0,"1396":0,"1400":0,"1405":0,"1408":1,"1409":0,"1412":1,"1413":0,"1416":1,"1417":0,"1420":1,"1421":0,"1422":0,"1425":0,"1426":0,"1428":0,"1429":0,"1430":0,"1431":0,"1432":0,"1433":0,"1435":0,"1436":0,"1439":0,"1441":0,"1442":0,"1443":0,"1446":0,"1447":0,"1450":0,"1451":0,"1455":0,"1462":0,"1463":0,"1464":0,"1465":0,"1466":0,"1468":0,"1469":0,"1472":0,"1474":0,"1475":0,"1476":0,"1479":0,"1480":0,"1483":0,"1484":0,"1485":0,"1488":0,"1489":0,"1492":0,"1493":0,"1497":0,"1503":0,"1504":0,"1505":0,"1506":0,"1507":0,"1509":0,"1510":0,"1513":0,"1515":0,"1516":0,"1517":0,"1520":0,"1521":0,"1523":0,"1526":0,"1527":0,"1530":0,"1533":0,"1534":0,"1537":0,"1539":0,"1540":0,"1541":0,"1544":0,"1547":0,"1548":0,"1551":0,"1552":0,"1555":0,"1556":0,"1560":0,"1566":0,"1569":1,"1570":1,"1571":0,"1572":0,"1575":0,"1579":0,"1581":0,"1582":0,"1583":0,"1584":0,"1586":0,"1587":0,"1590":0,"1594":0,"1600":0,"1602":0,"1605":0,"1608":1,"1609":1,"1610":0,"1611":0,"1614":0,"1618":0,"1619":0,"1620":0,"1622":0,"1625":0}}}